[0.215s] DEBUG:colcon:Command line arguments: ['/usr/bin/colcon', 'build']
[0.215s] DEBUG:colcon:Parsed command line arguments: Namespace(log_base=None, log_level=None, verb_name='build', build_base='build', install_base='install', merge_install=False, symlink_install=False, test_result_base=None, continue_on_error=False, executor='parallel', parallel_workers=16, event_handlers=None, ignore_user_meta=False, metas=['./colcon.meta'], base_paths=['.'], packages_ignore=None, packages_ignore_regex=None, paths=None, packages_up_to=None, packages_up_to_regex=None, packages_above=None, packages_above_and_dependencies=None, packages_above_depth=None, packages_select_by_dep=None, packages_skip_by_dep=None, packages_skip_up_to=None, packages_select_build_failed=False, packages_skip_build_finished=False, packages_select_test_failures=False, packages_skip_test_passed=False, packages_select=None, packages_skip=None, packages_select_regex=None, packages_skip_regex=None, packages_start=None, packages_end=None, allow_overriding=[], cmake_args=None, cmake_target=None, cmake_target_skip_unavailable=False, cmake_clean_cache=False, cmake_clean_first=False, cmake_force_configure=False, ament_cmake_args=None, catkin_cmake_args=None, catkin_skip_building_tests=False, mixin_files=None, mixin=None, verb_parser=<colcon_mixin.mixin.mixin_argument.MixinArgumentDecorator object at 0x7e9d77bddf00>, verb_extension=<colcon_core.verb.build.BuildVerb object at 0x7e9d77d72e00>, main=<bound method BuildVerb.main of <colcon_core.verb.build.BuildVerb object at 0x7e9d77d72e00>>, mixin_verb=('build',))
[-5.960s] Level 1:colcon.colcon_core.package_discovery:discover_packages(colcon_meta) check parameters
[-5.960s] Level 1:colcon.colcon_core.package_discovery:discover_packages(recursive) check parameters
[-5.960s] Level 1:colcon.colcon_core.package_discovery:discover_packages(ignore) check parameters
[-5.960s] Level 1:colcon.colcon_core.package_discovery:discover_packages(path) check parameters
[-5.960s] Level 1:colcon.colcon_core.package_discovery:discover_packages(colcon_meta) discover
[-5.960s] Level 1:colcon.colcon_core.package_discovery:discover_packages(recursive) discover
[-5.960s] INFO:colcon.colcon_core.package_discovery:Crawling recursively for packages in '/home/lychee/rmva/src/challenge/src/vision/build'
[-5.960s] Level 1:colcon.colcon_core.package_identification:_identify(.) by extensions ['ignore', 'ignore_ament_install']
[-5.960s] Level 1:colcon.colcon_core.package_identification:_identify(.) by extension 'ignore'
[-5.960s] Level 1:colcon.colcon_core.package_identification:_identify(.) by extension 'ignore_ament_install'
[-5.960s] Level 1:colcon.colcon_core.package_identification:_identify(.) by extensions ['colcon_pkg']
[-5.960s] Level 1:colcon.colcon_core.package_identification:_identify(.) by extension 'colcon_pkg'
[-5.960s] Level 1:colcon.colcon_core.package_identification:_identify(.) by extensions ['colcon_meta']
[-5.960s] Level 1:colcon.colcon_core.package_identification:_identify(.) by extension 'colcon_meta'
[-5.960s] Level 1:colcon.colcon_core.package_identification:_identify(.) by extensions ['ros']
[-5.960s] Level 1:colcon.colcon_core.package_identification:_identify(.) by extension 'ros'
[-5.950s] Level 1:colcon.colcon_core.package_identification:_identify(.) by extensions ['cmake', 'python']
[-5.950s] Level 1:colcon.colcon_core.package_identification:_identify(.) by extension 'cmake'
[-5.950s] Level 1:colcon.colcon_core.package_identification:_identify(.) by extension 'python'
[-5.950s] Level 1:colcon.colcon_core.package_identification:_identify(.) by extensions ['python_setup_py']
[-5.950s] Level 1:colcon.colcon_core.package_identification:_identify(.) by extension 'python_setup_py'
[-5.950s] Level 1:colcon.colcon_core.package_identification:_identify(CMakeFiles) by extensions ['ignore', 'ignore_ament_install']
[-5.950s] Level 1:colcon.colcon_core.package_identification:_identify(CMakeFiles) by extension 'ignore'
[-5.950s] Level 1:colcon.colcon_core.package_identification:_identify(CMakeFiles) by extension 'ignore_ament_install'
[-5.950s] Level 1:colcon.colcon_core.package_identification:_identify(CMakeFiles) by extensions ['colcon_pkg']
[-5.950s] Level 1:colcon.colcon_core.package_identification:_identify(CMakeFiles) by extension 'colcon_pkg'
[-5.950s] Level 1:colcon.colcon_core.package_identification:_identify(CMakeFiles) by extensions ['colcon_meta']
[-5.950s] Level 1:colcon.colcon_core.package_identification:_identify(CMakeFiles) by extension 'colcon_meta'
[-5.950s] Level 1:colcon.colcon_core.package_identification:_identify(CMakeFiles) by extensions ['ros']
[-5.950s] Level 1:colcon.colcon_core.package_identification:_identify(CMakeFiles) by extension 'ros'
[-5.950s] Level 1:colcon.colcon_core.package_identification:_identify(CMakeFiles) by extensions ['cmake', 'python']
[-5.950s] Level 1:colcon.colcon_core.package_identification:_identify(CMakeFiles) by extension 'cmake'
[-5.950s] Level 1:colcon.colcon_core.package_identification:_identify(CMakeFiles) by extension 'python'
[-5.950s] Level 1:colcon.colcon_core.package_identification:_identify(CMakeFiles) by extensions ['python_setup_py']
[-5.950s] Level 1:colcon.colcon_core.package_identification:_identify(CMakeFiles) by extension 'python_setup_py'
[-5.949s] Level 1:colcon.colcon_core.package_identification:_identify(CMakeFiles/3.22.1) by extensions ['ignore', 'ignore_ament_install']
[-5.949s] Level 1:colcon.colcon_core.package_identification:_identify(CMakeFiles/3.22.1) by extension 'ignore'
[-5.949s] Level 1:colcon.colcon_core.package_identification:_identify(CMakeFiles/3.22.1) by extension 'ignore_ament_install'
[-5.949s] Level 1:colcon.colcon_core.package_identification:_identify(CMakeFiles/3.22.1) by extensions ['colcon_pkg']
[-5.949s] Level 1:colcon.colcon_core.package_identification:_identify(CMakeFiles/3.22.1) by extension 'colcon_pkg'
[-5.949s] Level 1:colcon.colcon_core.package_identification:_identify(CMakeFiles/3.22.1) by extensions ['colcon_meta']
[-5.949s] Level 1:colcon.colcon_core.package_identification:_identify(CMakeFiles/3.22.1) by extension 'colcon_meta'
[-5.949s] Level 1:colcon.colcon_core.package_identification:_identify(CMakeFiles/3.22.1) by extensions ['ros']
[-5.949s] Level 1:colcon.colcon_core.package_identification:_identify(CMakeFiles/3.22.1) by extension 'ros'
[-5.949s] Level 1:colcon.colcon_core.package_identification:_identify(CMakeFiles/3.22.1) by extensions ['cmake', 'python']
[-5.949s] Level 1:colcon.colcon_core.package_identification:_identify(CMakeFiles/3.22.1) by extension 'cmake'
[-5.949s] Level 1:colcon.colcon_core.package_identification:_identify(CMakeFiles/3.22.1) by extension 'python'
[-5.949s] Level 1:colcon.colcon_core.package_identification:_identify(CMakeFiles/3.22.1) by extensions ['python_setup_py']
[-5.949s] Level 1:colcon.colcon_core.package_identification:_identify(CMakeFiles/3.22.1) by extension 'python_setup_py'
[-5.949s] Level 1:colcon.colcon_core.package_identification:_identify(CMakeFiles/3.22.1/CompilerIdC) by extensions ['ignore', 'ignore_ament_install']
[-5.949s] Level 1:colcon.colcon_core.package_identification:_identify(CMakeFiles/3.22.1/CompilerIdC) by extension 'ignore'
[-5.949s] Level 1:colcon.colcon_core.package_identification:_identify(CMakeFiles/3.22.1/CompilerIdC) by extension 'ignore_ament_install'
[-5.949s] Level 1:colcon.colcon_core.package_identification:_identify(CMakeFiles/3.22.1/CompilerIdC) by extensions ['colcon_pkg']
[-5.949s] Level 1:colcon.colcon_core.package_identification:_identify(CMakeFiles/3.22.1/CompilerIdC) by extension 'colcon_pkg'
[-5.949s] Level 1:colcon.colcon_core.package_identification:_identify(CMakeFiles/3.22.1/CompilerIdC) by extensions ['colcon_meta']
[-5.949s] Level 1:colcon.colcon_core.package_identification:_identify(CMakeFiles/3.22.1/CompilerIdC) by extension 'colcon_meta'
[-5.949s] Level 1:colcon.colcon_core.package_identification:_identify(CMakeFiles/3.22.1/CompilerIdC) by extensions ['ros']
[-5.949s] Level 1:colcon.colcon_core.package_identification:_identify(CMakeFiles/3.22.1/CompilerIdC) by extension 'ros'
[-5.949s] Level 1:colcon.colcon_core.package_identification:_identify(CMakeFiles/3.22.1/CompilerIdC) by extensions ['cmake', 'python']
[-5.949s] Level 1:colcon.colcon_core.package_identification:_identify(CMakeFiles/3.22.1/CompilerIdC) by extension 'cmake'
[-5.949s] Level 1:colcon.colcon_core.package_identification:_identify(CMakeFiles/3.22.1/CompilerIdC) by extension 'python'
[-5.949s] Level 1:colcon.colcon_core.package_identification:_identify(CMakeFiles/3.22.1/CompilerIdC) by extensions ['python_setup_py']
[-5.949s] Level 1:colcon.colcon_core.package_identification:_identify(CMakeFiles/3.22.1/CompilerIdC) by extension 'python_setup_py'
[-5.948s] Level 1:colcon.colcon_core.package_identification:_identify(CMakeFiles/3.22.1/CompilerIdC/tmp) by extensions ['ignore', 'ignore_ament_install']
[-5.948s] Level 1:colcon.colcon_core.package_identification:_identify(CMakeFiles/3.22.1/CompilerIdC/tmp) by extension 'ignore'
[-5.948s] Level 1:colcon.colcon_core.package_identification:_identify(CMakeFiles/3.22.1/CompilerIdC/tmp) by extension 'ignore_ament_install'
[-5.948s] Level 1:colcon.colcon_core.package_identification:_identify(CMakeFiles/3.22.1/CompilerIdC/tmp) by extensions ['colcon_pkg']
[-5.948s] Level 1:colcon.colcon_core.package_identification:_identify(CMakeFiles/3.22.1/CompilerIdC/tmp) by extension 'colcon_pkg'
[-5.948s] Level 1:colcon.colcon_core.package_identification:_identify(CMakeFiles/3.22.1/CompilerIdC/tmp) by extensions ['colcon_meta']
[-5.948s] Level 1:colcon.colcon_core.package_identification:_identify(CMakeFiles/3.22.1/CompilerIdC/tmp) by extension 'colcon_meta'
[-5.948s] Level 1:colcon.colcon_core.package_identification:_identify(CMakeFiles/3.22.1/CompilerIdC/tmp) by extensions ['ros']
[-5.948s] Level 1:colcon.colcon_core.package_identification:_identify(CMakeFiles/3.22.1/CompilerIdC/tmp) by extension 'ros'
[-5.948s] Level 1:colcon.colcon_core.package_identification:_identify(CMakeFiles/3.22.1/CompilerIdC/tmp) by extensions ['cmake', 'python']
[-5.948s] Level 1:colcon.colcon_core.package_identification:_identify(CMakeFiles/3.22.1/CompilerIdC/tmp) by extension 'cmake'
[-5.948s] Level 1:colcon.colcon_core.package_identification:_identify(CMakeFiles/3.22.1/CompilerIdC/tmp) by extension 'python'
[-5.948s] Level 1:colcon.colcon_core.package_identification:_identify(CMakeFiles/3.22.1/CompilerIdC/tmp) by extensions ['python_setup_py']
[-5.948s] Level 1:colcon.colcon_core.package_identification:_identify(CMakeFiles/3.22.1/CompilerIdC/tmp) by extension 'python_setup_py'
[-5.948s] Level 1:colcon.colcon_core.package_identification:_identify(CMakeFiles/3.22.1/CompilerIdCXX) by extensions ['ignore', 'ignore_ament_install']
[-5.948s] Level 1:colcon.colcon_core.package_identification:_identify(CMakeFiles/3.22.1/CompilerIdCXX) by extension 'ignore'
[-5.948s] Level 1:colcon.colcon_core.package_identification:_identify(CMakeFiles/3.22.1/CompilerIdCXX) by extension 'ignore_ament_install'
[-5.948s] Level 1:colcon.colcon_core.package_identification:_identify(CMakeFiles/3.22.1/CompilerIdCXX) by extensions ['colcon_pkg']
[-5.948s] Level 1:colcon.colcon_core.package_identification:_identify(CMakeFiles/3.22.1/CompilerIdCXX) by extension 'colcon_pkg'
[-5.948s] Level 1:colcon.colcon_core.package_identification:_identify(CMakeFiles/3.22.1/CompilerIdCXX) by extensions ['colcon_meta']
[-5.948s] Level 1:colcon.colcon_core.package_identification:_identify(CMakeFiles/3.22.1/CompilerIdCXX) by extension 'colcon_meta'
[-5.947s] Level 1:colcon.colcon_core.package_identification:_identify(CMakeFiles/3.22.1/CompilerIdCXX) by extensions ['ros']
[-5.947s] Level 1:colcon.colcon_core.package_identification:_identify(CMakeFiles/3.22.1/CompilerIdCXX) by extension 'ros'
[-5.947s] Level 1:colcon.colcon_core.package_identification:_identify(CMakeFiles/3.22.1/CompilerIdCXX) by extensions ['cmake', 'python']
[-5.947s] Level 1:colcon.colcon_core.package_identification:_identify(CMakeFiles/3.22.1/CompilerIdCXX) by extension 'cmake'
[-5.947s] Level 1:colcon.colcon_core.package_identification:_identify(CMakeFiles/3.22.1/CompilerIdCXX) by extension 'python'
[-5.947s] Level 1:colcon.colcon_core.package_identification:_identify(CMakeFiles/3.22.1/CompilerIdCXX) by extensions ['python_setup_py']
[-5.947s] Level 1:colcon.colcon_core.package_identification:_identify(CMakeFiles/3.22.1/CompilerIdCXX) by extension 'python_setup_py'
[-5.947s] Level 1:colcon.colcon_core.package_identification:_identify(CMakeFiles/3.22.1/CompilerIdCXX/tmp) by extensions ['ignore', 'ignore_ament_install']
[-5.947s] Level 1:colcon.colcon_core.package_identification:_identify(CMakeFiles/3.22.1/CompilerIdCXX/tmp) by extension 'ignore'
[-5.947s] Level 1:colcon.colcon_core.package_identification:_identify(CMakeFiles/3.22.1/CompilerIdCXX/tmp) by extension 'ignore_ament_install'
[-5.947s] Level 1:colcon.colcon_core.package_identification:_identify(CMakeFiles/3.22.1/CompilerIdCXX/tmp) by extensions ['colcon_pkg']
[-5.947s] Level 1:colcon.colcon_core.package_identification:_identify(CMakeFiles/3.22.1/CompilerIdCXX/tmp) by extension 'colcon_pkg'
[-5.947s] Level 1:colcon.colcon_core.package_identification:_identify(CMakeFiles/3.22.1/CompilerIdCXX/tmp) by extensions ['colcon_meta']
[-5.947s] Level 1:colcon.colcon_core.package_identification:_identify(CMakeFiles/3.22.1/CompilerIdCXX/tmp) by extension 'colcon_meta'
[-5.947s] Level 1:colcon.colcon_core.package_identification:_identify(CMakeFiles/3.22.1/CompilerIdCXX/tmp) by extensions ['ros']
[-5.947s] Level 1:colcon.colcon_core.package_identification:_identify(CMakeFiles/3.22.1/CompilerIdCXX/tmp) by extension 'ros'
[-5.947s] Level 1:colcon.colcon_core.package_identification:_identify(CMakeFiles/3.22.1/CompilerIdCXX/tmp) by extensions ['cmake', 'python']
[-5.947s] Level 1:colcon.colcon_core.package_identification:_identify(CMakeFiles/3.22.1/CompilerIdCXX/tmp) by extension 'cmake'
[-5.947s] Level 1:colcon.colcon_core.package_identification:_identify(CMakeFiles/3.22.1/CompilerIdCXX/tmp) by extension 'python'
[-5.947s] Level 1:colcon.colcon_core.package_identification:_identify(CMakeFiles/3.22.1/CompilerIdCXX/tmp) by extensions ['python_setup_py']
[-5.947s] Level 1:colcon.colcon_core.package_identification:_identify(CMakeFiles/3.22.1/CompilerIdCXX/tmp) by extension 'python_setup_py'
[-5.947s] Level 1:colcon.colcon_core.package_identification:_identify(CMakeFiles/CMakeTmp) by extensions ['ignore', 'ignore_ament_install']
[-5.947s] Level 1:colcon.colcon_core.package_identification:_identify(CMakeFiles/CMakeTmp) by extension 'ignore'
[-5.947s] Level 1:colcon.colcon_core.package_identification:_identify(CMakeFiles/CMakeTmp) by extension 'ignore_ament_install'
[-5.947s] Level 1:colcon.colcon_core.package_identification:_identify(CMakeFiles/CMakeTmp) by extensions ['colcon_pkg']
[-5.946s] Level 1:colcon.colcon_core.package_identification:_identify(CMakeFiles/CMakeTmp) by extension 'colcon_pkg'
[-5.946s] Level 1:colcon.colcon_core.package_identification:_identify(CMakeFiles/CMakeTmp) by extensions ['colcon_meta']
[-5.946s] Level 1:colcon.colcon_core.package_identification:_identify(CMakeFiles/CMakeTmp) by extension 'colcon_meta'
[-5.946s] Level 1:colcon.colcon_core.package_identification:_identify(CMakeFiles/CMakeTmp) by extensions ['ros']
[-5.946s] Level 1:colcon.colcon_core.package_identification:_identify(CMakeFiles/CMakeTmp) by extension 'ros'
[-5.946s] Level 1:colcon.colcon_core.package_identification:_identify(CMakeFiles/CMakeTmp) by extensions ['cmake', 'python']
[-5.946s] Level 1:colcon.colcon_core.package_identification:_identify(CMakeFiles/CMakeTmp) by extension 'cmake'
[-5.946s] Level 1:colcon.colcon_core.package_identification:_identify(CMakeFiles/CMakeTmp) by extension 'python'
[-5.946s] Level 1:colcon.colcon_core.package_identification:_identify(CMakeFiles/CMakeTmp) by extensions ['python_setup_py']
[-5.946s] Level 1:colcon.colcon_core.package_identification:_identify(CMakeFiles/CMakeTmp) by extension 'python_setup_py'
[-5.946s] Level 1:colcon.colcon_core.package_identification:_identify(CMakeFiles/armor.dir) by extensions ['ignore', 'ignore_ament_install']
[-5.946s] Level 1:colcon.colcon_core.package_identification:_identify(CMakeFiles/armor.dir) by extension 'ignore'
[-5.946s] Level 1:colcon.colcon_core.package_identification:_identify(CMakeFiles/armor.dir) by extension 'ignore_ament_install'
[-5.946s] Level 1:colcon.colcon_core.package_identification:_identify(CMakeFiles/armor.dir) by extensions ['colcon_pkg']
[-5.946s] Level 1:colcon.colcon_core.package_identification:_identify(CMakeFiles/armor.dir) by extension 'colcon_pkg'
[-5.946s] Level 1:colcon.colcon_core.package_identification:_identify(CMakeFiles/armor.dir) by extensions ['colcon_meta']
[-5.946s] Level 1:colcon.colcon_core.package_identification:_identify(CMakeFiles/armor.dir) by extension 'colcon_meta'
[-5.946s] Level 1:colcon.colcon_core.package_identification:_identify(CMakeFiles/armor.dir) by extensions ['ros']
[-5.946s] Level 1:colcon.colcon_core.package_identification:_identify(CMakeFiles/armor.dir) by extension 'ros'
[-5.946s] Level 1:colcon.colcon_core.package_identification:_identify(CMakeFiles/armor.dir) by extensions ['cmake', 'python']
[-5.946s] Level 1:colcon.colcon_core.package_identification:_identify(CMakeFiles/armor.dir) by extension 'cmake'
[-5.946s] Level 1:colcon.colcon_core.package_identification:_identify(CMakeFiles/armor.dir) by extension 'python'
[-5.946s] Level 1:colcon.colcon_core.package_identification:_identify(CMakeFiles/armor.dir) by extensions ['python_setup_py']
[-5.946s] Level 1:colcon.colcon_core.package_identification:_identify(CMakeFiles/armor.dir) by extension 'python_setup_py'
[-5.946s] Level 1:colcon.colcon_core.package_identification:_identify(CMakeFiles/vision.dir) by extensions ['ignore', 'ignore_ament_install']
[-5.946s] Level 1:colcon.colcon_core.package_identification:_identify(CMakeFiles/vision.dir) by extension 'ignore'
[-5.946s] Level 1:colcon.colcon_core.package_identification:_identify(CMakeFiles/vision.dir) by extension 'ignore_ament_install'
[-5.946s] Level 1:colcon.colcon_core.package_identification:_identify(CMakeFiles/vision.dir) by extensions ['colcon_pkg']
[-5.946s] Level 1:colcon.colcon_core.package_identification:_identify(CMakeFiles/vision.dir) by extension 'colcon_pkg'
[-5.946s] Level 1:colcon.colcon_core.package_identification:_identify(CMakeFiles/vision.dir) by extensions ['colcon_meta']
[-5.946s] Level 1:colcon.colcon_core.package_identification:_identify(CMakeFiles/vision.dir) by extension 'colcon_meta'
[-5.946s] Level 1:colcon.colcon_core.package_identification:_identify(CMakeFiles/vision.dir) by extensions ['ros']
[-5.946s] Level 1:colcon.colcon_core.package_identification:_identify(CMakeFiles/vision.dir) by extension 'ros'
[-5.946s] Level 1:colcon.colcon_core.package_identification:_identify(CMakeFiles/vision.dir) by extensions ['cmake', 'python']
[-5.946s] Level 1:colcon.colcon_core.package_identification:_identify(CMakeFiles/vision.dir) by extension 'cmake'
[-5.946s] Level 1:colcon.colcon_core.package_identification:_identify(CMakeFiles/vision.dir) by extension 'python'
[-5.946s] Level 1:colcon.colcon_core.package_identification:_identify(CMakeFiles/vision.dir) by extensions ['python_setup_py']
[-5.946s] Level 1:colcon.colcon_core.package_identification:_identify(CMakeFiles/vision.dir) by extension 'python_setup_py'
[-5.945s] Level 1:colcon.colcon_core.package_identification:_identify(build) by extensions ['ignore', 'ignore_ament_install']
[-5.945s] Level 1:colcon.colcon_core.package_identification:_identify(build) by extension 'ignore'
[-5.945s] Level 1:colcon.colcon_core.package_identification:_identify(build) ignored
[-5.945s] Level 1:colcon.colcon_core.package_identification:_identify(install) by extensions ['ignore', 'ignore_ament_install']
[-5.945s] Level 1:colcon.colcon_core.package_identification:_identify(install) by extension 'ignore'
[-5.945s] Level 1:colcon.colcon_core.package_identification:_identify(install) ignored
[-5.945s] Level 1:colcon.colcon_core.package_identification:_identify(log) by extensions ['ignore', 'ignore_ament_install']
[-5.945s] Level 1:colcon.colcon_core.package_identification:_identify(log) by extension 'ignore'
[-5.945s] Level 1:colcon.colcon_core.package_identification:_identify(log) ignored
[-5.945s] Level 1:colcon.colcon_core.package_discovery:discover_packages(recursive) using defaults
[-5.945s] Level 1:colcon.colcon_core.package_discovery:discover_packages(ignore) discover
[-5.945s] Level 1:colcon.colcon_core.package_discovery:discover_packages(ignore) using defaults
[-5.945s] Level 1:colcon.colcon_core.package_discovery:discover_packages(path) discover
[-5.945s] Level 1:colcon.colcon_core.package_discovery:discover_packages(path) using defaults
[-5.918s] Level 1:colcon.colcon_core.package_discovery:discover_packages(prefix_path) check parameters
[-5.918s] Level 1:colcon.colcon_core.package_discovery:discover_packages(prefix_path) discover
[-5.915s] DEBUG:colcon.colcon_installed_package_information.package_discovery:Found 13 installed packages in /home/lychee/rmva/install
[-5.913s] DEBUG:colcon.colcon_installed_package_information.package_discovery:Found 331 installed packages in /opt/ros/humble
[-5.913s] Level 1:colcon.colcon_core.package_discovery:discover_packages(prefix_path) using defaults
[-5.848s] INFO:colcon.colcon_core.executor:Executing jobs using 'parallel' executor
[-5.847s] DEBUG:colcon.colcon_parallel_executor.executor.parallel:run_until_complete
[-5.847s] DEBUG:colcon.colcon_parallel_executor.executor.parallel:closing loop
[-5.847s] DEBUG:colcon.colcon_parallel_executor.executor.parallel:loop closed
[-5.847s] DEBUG:colcon.colcon_parallel_executor.executor.parallel:run_until_complete finished with '0'
[-5.847s] DEBUG:colcon.colcon_core.event_reactor:joining thread
[-5.821s] INFO:colcon.colcon_core.plugin_system:Skipping extension 'colcon_notification.desktop_notification.notify_send': Could not find 'notify-send'
[-5.821s] INFO:colcon.colcon_core.plugin_system:Skipping extension 'colcon_notification.desktop_notification.terminal_notifier': Not used on non-Darwin systems
[-5.821s] INFO:colcon.colcon_core.plugin_system:Skipping extension 'colcon_notification.desktop_notification.win32': Not used on non-Windows systems
[-5.821s] INFO:colcon.colcon_notification.desktop_notification:Sending desktop notification using 'notify2'
[-5.820s] DEBUG:colcon.colcon_notification.desktop_notification.notify2:Failed to initialize notify2: org.freedesktop.DBus.Error.FileNotFound: Failed to connect to socket /run/user/1000/bus: No such file or directory
[-5.820s] DEBUG:colcon.colcon_core.event_reactor:joined thread
[-5.816s] INFO:colcon.colcon_core.plugin_system:Skipping extension 'colcon_core.shell.bat': Not used on non-Windows systems
[-5.816s] INFO:colcon.colcon_core.shell:Creating prefix script '/home/lychee/rmva/src/challenge/src/vision/build/install/local_setup.ps1'
[-5.815s] INFO:colcon.colcon_core.shell:Creating prefix util module '/home/lychee/rmva/src/challenge/src/vision/build/install/_local_setup_util_ps1.py'
[-5.814s] INFO:colcon.colcon_core.shell:Creating prefix chain script '/home/lychee/rmva/src/challenge/src/vision/build/install/setup.ps1'
[-5.814s] INFO:colcon.colcon_core.shell:Creating prefix script '/home/lychee/rmva/src/challenge/src/vision/build/install/local_setup.sh'
[-5.813s] INFO:colcon.colcon_core.shell:Creating prefix util module '/home/lychee/rmva/src/challenge/src/vision/build/install/_local_setup_util_sh.py'
[-5.813s] INFO:colcon.colcon_core.shell:Creating prefix chain script '/home/lychee/rmva/src/challenge/src/vision/build/install/setup.sh'
[-5.812s] INFO:colcon.colcon_core.shell:Creating prefix script '/home/lychee/rmva/src/challenge/src/vision/build/install/local_setup.bash'
[-5.811s] INFO:colcon.colcon_core.shell:Creating prefix chain script '/home/lychee/rmva/src/challenge/src/vision/build/install/setup.bash'
[-5.811s] INFO:colcon.colcon_core.shell:Creating prefix script '/home/lychee/rmva/src/challenge/src/vision/build/install/local_setup.zsh'
[-5.810s] INFO:colcon.colcon_core.shell:Creating prefix chain script '/home/lychee/rmva/src/challenge/src/vision/build/install/setup.zsh'
