 ErrorResults 
  stamp : 2025-11-28T23:06:14Z
  target_type : sphere
  model_name : sphere
  pose : 
       - position : [7.17132e-17 , 3.86774 , 0.954428]
       - orientation : [0.676476 , 0.736464 , -2.13122e-16 , 1.1298e-16]
  RingCirclePositionError : 0
  position_error : 0.151193
  orientation_error : 1.65566
  found_in_gazebo : 1

 ErrorResults 
  stamp : 2025-11-28T23:06:14Z
  target_type : sphere
  model_name : sphere
  pose : 
       - position : [7.17132e-17 , 3.86774 , 0.954428]
       - orientation : [0.676476 , 0.736464 , -2.13122e-16 , 1.1298e-16]
  RingCirclePositionError : 0
  position_error : 0.151184
  orientation_error : 1.65566
  found_in_gazebo : 1

 ErrorResults 
  stamp : 2025-11-28T23:06:14Z
  target_type : sphere
  model_name : sphere
  pose : 
       - position : [7.17132e-17 , 3.86774 , 0.954428]
       - orientation : [0.676476 , 0.736464 , -2.13122e-16 , 1.1298e-16]
  RingCirclePositionError : 0
  position_error : 0.151127
  orientation_error : 1.65566
  found_in_gazebo : 1

 ErrorResults 
  stamp : 2025-11-28T23:06:14Z
  target_type : sphere
  model_name : sphere
  pose : 
       - position : [7.17132e-17 , 3.86774 , 0.954428]
       - orientation : [0.676476 , 0.736464 , -2.13122e-16 , 1.1298e-16]
  RingCirclePositionError : 0
  position_error : 0.150829
  orientation_error : 1.65566
  found_in_gazebo : 1

 ErrorResults 
  stamp : 2025-11-28T23:06:14Z
  target_type : sphere
  model_name : sphere
  pose : 
       - position : [7.17132e-17 , 3.86774 , 0.954428]
       - orientation : [0.676476 , 0.736464 , -2.13122e-16 , 1.1298e-16]
  RingCirclePositionError : 0
  position_error : 0.150314
  orientation_error : 1.65566
  found_in_gazebo : 1

 ErrorResults 
  stamp : 2025-11-28T23:06:14Z
  target_type : sphere
  model_name : sphere
  pose : 
       - position : [7.17132e-17 , 3.86774 , 0.954428]
       - orientation : [0.676476 , 0.736464 , -2.13122e-16 , 1.1298e-16]
  RingCirclePositionError : 0
  position_error : 0.149887
  orientation_error : 1.65566
  found_in_gazebo : 1

 ErrorResults 
  stamp : 2025-11-28T23:06:14Z
  target_type : sphere
  model_name : sphere
  pose : 
       - position : [4.056e-17 , 3.87604 , 0.953972]
       - orientation : [0.681955 , 0.731394 , 9.82559e-18 , 3.07342e-18]
  RingCirclePositionError : 0
  position_error : 0.14229
  orientation_error : 1.64073
  found_in_gazebo : 1

 ErrorResults 
  stamp : 2025-11-28T23:06:14Z
  target_type : sphere
  model_name : sphere
  pose : 
       - position : [4.056e-17 , 3.87604 , 0.953972]
       - orientation : [0.681955 , 0.731394 , 9.82559e-18 , 3.07342e-18]
  RingCirclePositionError : 0
  position_error : 0.14174
  orientation_error : 1.64073
  found_in_gazebo : 1

 ErrorResults 
  stamp : 2025-11-28T23:06:14Z
  target_type : sphere
  model_name : sphere
  pose : 
       - position : [4.056e-17 , 3.87604 , 0.953972]
       - orientation : [0.681955 , 0.731394 , 9.82559e-18 , 3.07342e-18]
  RingCirclePositionError : 0
  position_error : 0.14174
  orientation_error : 1.64073
  found_in_gazebo : 1

 ErrorResults 
  stamp : 2025-11-28T23:06:14Z
  target_type : sphere
  model_name : sphere
  pose : 
       - position : [4.056e-17 , 3.87604 , 0.953972]
       - orientation : [0.681955 , 0.731394 , 9.82559e-18 , 3.07342e-18]
  RingCirclePositionError : 0
  position_error : 0.14156
  orientation_error : 1.64073
  found_in_gazebo : 1

 ErrorResults 
  stamp : 2025-11-28T23:06:15Z
  target_type : sphere
  model_name : sphere
  pose : 
       - position : [4.056e-17 , 3.87604 , 0.953972]
       - orientation : [0.681955 , 0.731394 , 9.82559e-18 , 3.07342e-18]
  RingCirclePositionError : 0
  position_error : 0.14156
  orientation_error : 1.64073
  found_in_gazebo : 1

 ErrorResults 
  stamp : 2025-11-28T23:06:15Z
  target_type : sphere
  model_name : sphere
  pose : 
       - position : [4.056e-17 , 3.87604 , 0.953972]
       - orientation : [0.681955 , 0.731394 , 9.82559e-18 , 3.07342e-18]
  RingCirclePositionError : 0
  position_error : 0.14156
  orientation_error : 1.64073
  found_in_gazebo : 1

 ErrorResults 
  stamp : 2025-11-28T23:06:15Z
  target_type : sphere
  model_name : sphere
  pose : 
       - position : [4.056e-17 , 3.87604 , 0.953972]
       - orientation : [0.681955 , 0.731394 , 9.82559e-18 , 3.07342e-18]
  RingCirclePositionError : 0
  position_error : 0.14156
  orientation_error : 1.64073
  found_in_gazebo : 1

 ErrorResults 
  stamp : 2025-11-28T23:06:15Z
  target_type : sphere
  model_name : sphere
  pose : 
       - position : [4.056e-17 , 3.87604 , 0.953972]
       - orientation : [0.681955 , 0.731394 , 9.82559e-18 , 3.07342e-18]
  RingCirclePositionError : 0
  position_error : 0.14156
  orientation_error : 1.64073
  found_in_gazebo : 1

 ErrorResults 
  stamp : 2025-11-28T23:06:15Z
  target_type : sphere
  model_name : sphere
  pose : 
       - position : [4.056e-17 , 3.87604 , 0.953972]
       - orientation : [0.681955 , 0.731394 , 9.82559e-18 , 3.07342e-18]
  RingCirclePositionError : 0
  position_error : 0.14156
  orientation_error : 1.64073
  found_in_gazebo : 1

 ErrorResults 
  stamp : 2025-11-28T23:06:15Z
  target_type : sphere
  model_name : sphere
  pose : 
       - position : [4.056e-17 , 3.87604 , 0.953972]
       - orientation : [0.681955 , 0.731394 , 9.82559e-18 , 3.07342e-18]
  RingCirclePositionError : 0
  position_error : 0.14156
  orientation_error : 1.64073
  found_in_gazebo : 1

 ErrorResults 
  stamp : 2025-11-28T23:06:15Z
  target_type : sphere
  model_name : sphere
  pose : 
       - position : [4.056e-17 , 3.87604 , 0.953972]
       - orientation : [0.681955 , 0.731394 , 9.82559e-18 , 3.07342e-18]
  RingCirclePositionError : 0
  position_error : 0.14156
  orientation_error : 1.64073
  found_in_gazebo : 1

 ErrorResults 
  stamp : 2025-11-28T23:06:15Z
  target_type : sphere
  model_name : sphere
  pose : 
       - position : [4.056e-17 , 3.87604 , 0.953972]
       - orientation : [0.681955 , 0.731394 , 9.82559e-18 , 3.07342e-18]
  RingCirclePositionError : 0
  position_error : 0.14156
  orientation_error : 1.64073
  found_in_gazebo : 1

 ErrorResults 
  stamp : 2025-11-28T23:06:15Z
  target_type : sphere
  model_name : sphere
  pose : 
       - position : [4.056e-17 , 3.87604 , 0.953972]
       - orientation : [0.681955 , 0.731394 , 9.82559e-18 , 3.07342e-18]
  RingCirclePositionError : 0
  position_error : 0.14156
  orientation_error : 1.64073
  found_in_gazebo : 1

 ErrorResults 
  stamp : 2025-11-28T23:06:15Z
  target_type : sphere
  model_name : sphere
  pose : 
       - position : [4.056e-17 , 3.87604 , 0.953972]
       - orientation : [0.681955 , 0.731394 , 9.82559e-18 , 3.07342e-18]
  RingCirclePositionError : 0
  position_error : 0.14156
  orientation_error : 1.64073
  found_in_gazebo : 1

 ErrorResults 
  stamp : 2025-11-28T23:06:15Z
  target_type : sphere
  model_name : sphere
  pose : 
       - position : [4.056e-17 , 3.87604 , 0.953972]
       - orientation : [0.681955 , 0.731394 , 9.82559e-18 , 3.07342e-18]
  RingCirclePositionError : 0
  position_error : 0.14156
  orientation_error : 1.64073
  found_in_gazebo : 1

 ErrorResults 
  stamp : 2025-11-28T23:06:15Z
  target_type : sphere
  model_name : sphere
  pose : 
       - position : [4.056e-17 , 3.87604 , 0.953972]
       - orientation : [0.681955 , 0.731394 , 9.82559e-18 , 3.07342e-18]
  RingCirclePositionError : 0
  position_error : 0.14156
  orientation_error : 1.64073
  found_in_gazebo : 1

 ErrorResults 
  stamp : 2025-11-28T23:06:15Z
  target_type : sphere
  model_name : sphere
  pose : 
       - position : [4.056e-17 , 3.87604 , 0.953972]
       - orientation : [0.681955 , 0.731394 , 9.82559e-18 , 3.07342e-18]
  RingCirclePositionError : 0
  position_error : 0.14156
  orientation_error : 1.64073
  found_in_gazebo : 1

 ErrorResults 
  stamp : 2025-11-28T23:06:15Z
  target_type : sphere
  model_name : sphere
  pose : 
       - position : [4.056e-17 , 3.87604 , 0.953972]
       - orientation : [0.681955 , 0.731394 , 9.82559e-18 , 3.07342e-18]
  RingCirclePositionError : 0
  position_error : 0.14156
  orientation_error : 1.64073
  found_in_gazebo : 1

 ErrorResults 
  stamp : 2025-11-28T23:06:15Z
  target_type : sphere
  model_name : sphere
  pose : 
       - position : [4.056e-17 , 3.87604 , 0.953972]
       - orientation : [0.681955 , 0.731394 , 9.82559e-18 , 3.07342e-18]
  RingCirclePositionError : 0
  position_error : 0.14156
  orientation_error : 1.64073
  found_in_gazebo : 1

 ErrorResults 
  stamp : 2025-11-28T23:06:15Z
  target_type : sphere
  model_name : sphere
  pose : 
       - position : [4.056e-17 , 3.87604 , 0.953972]
       - orientation : [0.681955 , 0.731394 , 9.82559e-18 , 3.07342e-18]
  RingCirclePositionError : 0
  position_error : 0.14156
  orientation_error : 1.64073
  found_in_gazebo : 1

 ErrorResults 
  stamp : 2025-11-28T23:06:15Z
  target_type : sphere
  model_name : sphere
  pose : 
       - position : [4.056e-17 , 3.87604 , 0.953972]
       - orientation : [0.681955 , 0.731394 , 9.82559e-18 , 3.07342e-18]
  RingCirclePositionError : 0
  position_error : 0.14156
  orientation_error : 1.64073
  found_in_gazebo : 1

 ErrorResults 
  stamp : 2025-11-28T23:06:15Z
  target_type : sphere
  model_name : sphere
  pose : 
       - position : [4.056e-17 , 3.87604 , 0.953972]
       - orientation : [0.681955 , 0.731394 , 9.82559e-18 , 3.07342e-18]
  RingCirclePositionError : 0
  position_error : 0.14156
  orientation_error : 1.64073
  found_in_gazebo : 1

 ErrorResults 
  stamp : 2025-11-28T23:06:15Z
  target_type : sphere
  model_name : sphere
  pose : 
       - position : [4.056e-17 , 3.87604 , 0.953972]
       - orientation : [0.681955 , 0.731394 , 9.82559e-18 , 3.07342e-18]
  RingCirclePositionError : 0
  position_error : 0.14156
  orientation_error : 1.64073
  found_in_gazebo : 1

 ErrorResults 
  stamp : 2025-11-28T23:06:15Z
  target_type : sphere
  model_name : sphere
  pose : 
       - position : [4.056e-17 , 3.87604 , 0.953972]
       - orientation : [0.681955 , 0.731394 , 9.82559e-18 , 3.07342e-18]
  RingCirclePositionError : 0
  position_error : 0.14156
  orientation_error : 1.64073
  found_in_gazebo : 1

 ErrorResults 
  stamp : 2025-11-28T23:06:15Z
  target_type : sphere
  model_name : sphere
  pose : 
       - position : [4.056e-17 , 3.87604 , 0.953972]
       - orientation : [0.681955 , 0.731394 , 9.82559e-18 , 3.07342e-18]
  RingCirclePositionError : 0
  position_error : 0.14156
  orientation_error : 1.64073
  found_in_gazebo : 1

 ErrorResults 
  stamp : 2025-11-28T23:06:15Z
  target_type : sphere
  model_name : sphere
  pose : 
       - position : [4.056e-17 , 3.87604 , 0.953972]
       - orientation : [0.681955 , 0.731394 , 9.82559e-18 , 3.07342e-18]
  RingCirclePositionError : 0
  position_error : 0.14156
  orientation_error : 1.64073
  found_in_gazebo : 1

 ErrorResults 
  stamp : 2025-11-28T23:06:16Z
  target_type : sphere
  model_name : sphere
  pose : 
       - position : [4.056e-17 , 3.87604 , 0.953972]
       - orientation : [0.681955 , 0.731394 , 9.82559e-18 , 3.07342e-18]
  RingCirclePositionError : 0
  position_error : 0.14156
  orientation_error : 1.64073
  found_in_gazebo : 1

 ErrorResults 
  stamp : 2025-11-28T23:06:16Z
  target_type : sphere
  model_name : sphere
  pose : 
       - position : [4.056e-17 , 3.87604 , 0.953972]
       - orientation : [0.681955 , 0.731394 , 9.82559e-18 , 3.07342e-18]
  RingCirclePositionError : 0
  position_error : 0.14156
  orientation_error : 1.64073
  found_in_gazebo : 1

 ErrorResults 
  stamp : 2025-11-28T23:06:16Z
  target_type : sphere
  model_name : sphere
  pose : 
       - position : [4.056e-17 , 3.87604 , 0.953972]
       - orientation : [0.681955 , 0.731394 , 9.82559e-18 , 3.07342e-18]
  RingCirclePositionError : 0
  position_error : 0.14156
  orientation_error : 1.64073
  found_in_gazebo : 1

 ErrorResults 
  stamp : 2025-11-28T23:06:16Z
  target_type : sphere
  model_name : sphere
  pose : 
       - position : [4.056e-17 , 3.87604 , 0.953972]
       - orientation : [0.681955 , 0.731394 , 9.82559e-18 , 3.07342e-18]
  RingCirclePositionError : 0
  position_error : 0.14156
  orientation_error : 1.64073
  found_in_gazebo : 1

 ErrorResults 
  stamp : 2025-11-28T23:06:16Z
  target_type : sphere
  model_name : sphere
  pose : 
       - position : [4.056e-17 , 3.87604 , 0.953972]
       - orientation : [0.681955 , 0.731394 , 9.82559e-18 , 3.07342e-18]
  RingCirclePositionError : 0
  position_error : 0.14156
  orientation_error : 1.64073
  found_in_gazebo : 1

 ErrorResults 
  stamp : 2025-11-28T23:06:16Z
  target_type : sphere
  model_name : sphere
  pose : 
       - position : [4.056e-17 , 3.87604 , 0.953972]
       - orientation : [0.681955 , 0.731394 , 9.82559e-18 , 3.07342e-18]
  RingCirclePositionError : 0
  position_error : 0.14156
  orientation_error : 1.64073
  found_in_gazebo : 1

 ErrorResults 
  stamp : 2025-11-28T23:06:16Z
  target_type : sphere
  model_name : sphere
  pose : 
       - position : [4.056e-17 , 3.87604 , 0.953972]
       - orientation : [0.681955 , 0.731394 , 9.82559e-18 , 3.07342e-18]
  RingCirclePositionError : 0
  position_error : 0.14156
  orientation_error : 1.64073
  found_in_gazebo : 1

 ErrorResults 
  stamp : 2025-11-28T23:06:16Z
  target_type : sphere
  model_name : sphere
  pose : 
       - position : [4.056e-17 , 3.87604 , 0.953972]
       - orientation : [0.681955 , 0.731394 , 9.82559e-18 , 3.07342e-18]
  RingCirclePositionError : 0
  position_error : 0.14156
  orientation_error : 1.64073
  found_in_gazebo : 1

 ErrorResults 
  stamp : 2025-11-28T23:06:16Z
  target_type : sphere
  model_name : sphere
  pose : 
       - position : [4.056e-17 , 3.87604 , 0.953972]
       - orientation : [0.681955 , 0.731394 , 9.82559e-18 , 3.07342e-18]
  RingCirclePositionError : 0
  position_error : 0.14156
  orientation_error : 1.64073
  found_in_gazebo : 1

 ErrorResults 
  stamp : 2025-11-28T23:06:16Z
  target_type : sphere
  model_name : sphere
  pose : 
       - position : [4.056e-17 , 3.87604 , 0.953972]
       - orientation : [0.681955 , 0.731394 , 9.82559e-18 , 3.07342e-18]
  RingCirclePositionError : 0
  position_error : 0.14156
  orientation_error : 1.64073
  found_in_gazebo : 1

 ErrorResults 
  stamp : 2025-11-28T23:06:16Z
  target_type : sphere
  model_name : sphere
  pose : 
       - position : [4.056e-17 , 3.87604 , 0.953972]
       - orientation : [0.681955 , 0.731394 , 9.82559e-18 , 3.07342e-18]
  RingCirclePositionError : 0
  position_error : 0.14156
  orientation_error : 1.64073
  found_in_gazebo : 1

 ErrorResults 
  stamp : 2025-11-28T23:06:16Z
  target_type : sphere
  model_name : sphere
  pose : 
       - position : [4.056e-17 , 3.87604 , 0.953972]
       - orientation : [0.681955 , 0.731394 , 9.82559e-18 , 3.07342e-18]
  RingCirclePositionError : 0
  position_error : 0.14156
  orientation_error : 1.64073
  found_in_gazebo : 1

 ErrorResults 
  stamp : 2025-11-28T23:06:16Z
  target_type : sphere
  model_name : sphere
  pose : 
       - position : [4.056e-17 , 3.87604 , 0.953972]
       - orientation : [0.681955 , 0.731394 , 9.82559e-18 , 3.07342e-18]
  RingCirclePositionError : 0
  position_error : 0.14156
  orientation_error : 1.64073
  found_in_gazebo : 1

 ErrorResults 
  stamp : 2025-11-28T23:06:16Z
  target_type : sphere
  model_name : sphere
  pose : 
       - position : [4.056e-17 , 3.87604 , 0.953972]
       - orientation : [0.681955 , 0.731394 , 9.82559e-18 , 3.07342e-18]
  RingCirclePositionError : 0
  position_error : 0.14156
  orientation_error : 1.64073
  found_in_gazebo : 1

 ErrorResults 
  stamp : 2025-11-28T23:06:16Z
  target_type : sphere
  model_name : sphere
  pose : 
       - position : [4.056e-17 , 3.87604 , 0.953972]
       - orientation : [0.681955 , 0.731394 , 9.82559e-18 , 3.07342e-18]
  RingCirclePositionError : 0
  position_error : 0.14156
  orientation_error : 1.64073
  found_in_gazebo : 1

 ErrorResults 
  stamp : 2025-11-28T23:06:16Z
  target_type : sphere
  model_name : sphere
  pose : 
       - position : [4.056e-17 , 3.87604 , 0.953972]
       - orientation : [0.681955 , 0.731394 , 9.82559e-18 , 3.07342e-18]
  RingCirclePositionError : 0
  position_error : 0.14156
  orientation_error : 1.64073
  found_in_gazebo : 1

 ErrorResults 
  stamp : 2025-11-28T23:06:16Z
  target_type : sphere
  model_name : sphere
  pose : 
       - position : [4.056e-17 , 3.87604 , 0.953972]
       - orientation : [0.681955 , 0.731394 , 9.82559e-18 , 3.07342e-18]
  RingCirclePositionError : 0
  position_error : 0.14156
  orientation_error : 1.64073
  found_in_gazebo : 1

 ErrorResults 
  stamp : 2025-11-28T23:06:16Z
  target_type : sphere
  model_name : sphere
  pose : 
       - position : [4.056e-17 , 3.87604 , 0.953972]
       - orientation : [0.681955 , 0.731394 , 9.82559e-18 , 3.07342e-18]
  RingCirclePositionError : 0
  position_error : 0.14156
  orientation_error : 1.64073
  found_in_gazebo : 1

 ErrorResults 
  stamp : 2025-11-28T23:06:16Z
  target_type : sphere
  model_name : sphere
  pose : 
       - position : [4.056e-17 , 3.87604 , 0.953972]
       - orientation : [0.681955 , 0.731394 , 9.82559e-18 , 3.07342e-18]
  RingCirclePositionError : 0
  position_error : 0.14156
  orientation_error : 1.64073
  found_in_gazebo : 1

 ErrorResults 
  stamp : 2025-11-28T23:06:16Z
  target_type : sphere
  model_name : sphere
  pose : 
       - position : [4.056e-17 , 3.87604 , 0.953972]
       - orientation : [0.681955 , 0.731394 , 9.82559e-18 , 3.07342e-18]
  RingCirclePositionError : 0
  position_error : 0.14156
  orientation_error : 1.64073
  found_in_gazebo : 1

 ErrorResults 
  stamp : 2025-11-28T23:06:16Z
  target_type : sphere
  model_name : sphere
  pose : 
       - position : [4.056e-17 , 3.87604 , 0.953972]
       - orientation : [0.681955 , 0.731394 , 9.82559e-18 , 3.07342e-18]
  RingCirclePositionError : 0
  position_error : 0.14156
  orientation_error : 1.64073
  found_in_gazebo : 1

 ErrorResults 
  stamp : 2025-11-28T23:06:16Z
  target_type : sphere
  model_name : sphere
  pose : 
       - position : [4.056e-17 , 3.87604 , 0.953972]
       - orientation : [0.681955 , 0.731394 , 9.82559e-18 , 3.07342e-18]
  RingCirclePositionError : 0
  position_error : 0.14156
  orientation_error : 1.64073
  found_in_gazebo : 1

 ErrorResults 
  stamp : 2025-11-28T23:06:16Z
  target_type : sphere
  model_name : sphere
  pose : 
       - position : [4.056e-17 , 3.87604 , 0.953972]
       - orientation : [0.681955 , 0.731394 , 9.82559e-18 , 3.07342e-18]
  RingCirclePositionError : 0
  position_error : 0.14156
  orientation_error : 1.64073
  found_in_gazebo : 1

 ErrorResults 
  stamp : 2025-11-28T23:06:16Z
  target_type : sphere
  model_name : sphere
  pose : 
       - position : [4.056e-17 , 3.87604 , 0.953972]
       - orientation : [0.681955 , 0.731394 , 9.82559e-18 , 3.07342e-18]
  RingCirclePositionError : 0
  position_error : 0.14156
  orientation_error : 1.64073
  found_in_gazebo : 1

 ErrorResults 
  stamp : 2025-11-28T23:06:16Z
  target_type : sphere
  model_name : sphere
  pose : 
       - position : [4.056e-17 , 3.87604 , 0.953972]
       - orientation : [0.681955 , 0.731394 , 9.82559e-18 , 3.07342e-18]
  RingCirclePositionError : 0
  position_error : 0.14156
  orientation_error : 1.64073
  found_in_gazebo : 1

 ErrorResults 
  stamp : 2025-11-28T23:06:16Z
  target_type : sphere
  model_name : sphere
  pose : 
       - position : [4.056e-17 , 3.87604 , 0.953972]
       - orientation : [0.681955 , 0.731394 , 9.82559e-18 , 3.07342e-18]
  RingCirclePositionError : 0
  position_error : 0.14156
  orientation_error : 1.64073
  found_in_gazebo : 1

 ErrorResults 
  stamp : 2025-11-28T23:06:16Z
  target_type : sphere
  model_name : sphere
  pose : 
       - position : [4.056e-17 , 3.87604 , 0.953972]
       - orientation : [0.681955 , 0.731394 , 9.82559e-18 , 3.07342e-18]
  RingCirclePositionError : 0
  position_error : 0.14156
  orientation_error : 1.64073
  found_in_gazebo : 1

 ErrorResults 
  stamp : 2025-11-28T23:06:17Z
  target_type : sphere
  model_name : sphere
  pose : 
       - position : [4.056e-17 , 3.87604 , 0.953972]
       - orientation : [0.681955 , 0.731394 , 9.82559e-18 , 3.07342e-18]
  RingCirclePositionError : 0
  position_error : 0.14156
  orientation_error : 1.64073
  found_in_gazebo : 1

 ErrorResults 
  stamp : 2025-11-28T23:06:17Z
  target_type : sphere
  model_name : sphere
  pose : 
       - position : [4.056e-17 , 3.87604 , 0.953972]
       - orientation : [0.681955 , 0.731394 , 9.82559e-18 , 3.07342e-18]
  RingCirclePositionError : 0
  position_error : 0.14156
  orientation_error : 1.64073
  found_in_gazebo : 1

 ErrorResults 
  stamp : 2025-11-28T23:06:17Z
  target_type : sphere
  model_name : sphere
  pose : 
       - position : [4.056e-17 , 3.87604 , 0.953972]
       - orientation : [0.681955 , 0.731394 , 9.82559e-18 , 3.07342e-18]
  RingCirclePositionError : 0
  position_error : 0.14156
  orientation_error : 1.64073
  found_in_gazebo : 1

 ErrorResults 
  stamp : 2025-11-28T23:06:17Z
  target_type : sphere
  model_name : sphere
  pose : 
       - position : [4.056e-17 , 3.87604 , 0.953972]
       - orientation : [0.681955 , 0.731394 , 9.82559e-18 , 3.07342e-18]
  RingCirclePositionError : 0
  position_error : 0.14156
  orientation_error : 1.64073
  found_in_gazebo : 1

 ErrorResults 
  stamp : 2025-11-28T23:06:17Z
  target_type : sphere
  model_name : sphere
  pose : 
       - position : [4.056e-17 , 3.87604 , 0.953972]
       - orientation : [0.681955 , 0.731394 , 9.82559e-18 , 3.07342e-18]
  RingCirclePositionError : 0
  position_error : 0.14156
  orientation_error : 1.64073
  found_in_gazebo : 1

 ErrorResults 
  stamp : 2025-11-28T23:06:17Z
  target_type : sphere
  model_name : sphere
  pose : 
       - position : [4.056e-17 , 3.87604 , 0.953972]
       - orientation : [0.681955 , 0.731394 , 9.82559e-18 , 3.07342e-18]
  RingCirclePositionError : 0
  position_error : 0.14156
  orientation_error : 1.64073
  found_in_gazebo : 1

 ErrorResults 
  stamp : 2025-11-28T23:06:17Z
  target_type : sphere
  model_name : sphere
  pose : 
       - position : [4.056e-17 , 3.87604 , 0.953972]
       - orientation : [0.681955 , 0.731394 , 9.82559e-18 , 3.07342e-18]
  RingCirclePositionError : 0
  position_error : 0.14156
  orientation_error : 1.64073
  found_in_gazebo : 1

 ErrorResults 
  stamp : 2025-11-28T23:06:17Z
  target_type : sphere
  model_name : sphere
  pose : 
       - position : [4.056e-17 , 3.87604 , 0.953972]
       - orientation : [0.681955 , 0.731394 , 9.82559e-18 , 3.07342e-18]
  RingCirclePositionError : 0
  position_error : 0.14156
  orientation_error : 1.64073
  found_in_gazebo : 1

 ErrorResults 
  stamp : 2025-11-28T23:06:17Z
  target_type : sphere
  model_name : sphere
  pose : 
       - position : [4.056e-17 , 3.87604 , 0.953972]
       - orientation : [0.681955 , 0.731394 , 9.82559e-18 , 3.07342e-18]
  RingCirclePositionError : 0
  position_error : 0.14156
  orientation_error : 1.64073
  found_in_gazebo : 1

 ErrorResults 
  stamp : 2025-11-28T23:06:17Z
  target_type : sphere
  model_name : sphere
  pose : 
       - position : [4.056e-17 , 3.87604 , 0.953972]
       - orientation : [0.681955 , 0.731394 , 9.82559e-18 , 3.07342e-18]
  RingCirclePositionError : 0
  position_error : 0.14156
  orientation_error : 1.64073
  found_in_gazebo : 1

 ErrorResults 
  stamp : 2025-11-28T23:06:17Z
  target_type : sphere
  model_name : sphere
  pose : 
       - position : [4.056e-17 , 3.87604 , 0.953972]
       - orientation : [0.681955 , 0.731394 , 9.82559e-18 , 3.07342e-18]
  RingCirclePositionError : 0
  position_error : 0.14156
  orientation_error : 1.64073
  found_in_gazebo : 1

 ErrorResults 
  stamp : 2025-11-28T23:06:17Z
  target_type : sphere
  model_name : sphere
  pose : 
       - position : [4.056e-17 , 3.87604 , 0.953972]
       - orientation : [0.681955 , 0.731394 , 9.82559e-18 , 3.07342e-18]
  RingCirclePositionError : 0
  position_error : 0.14156
  orientation_error : 1.64073
  found_in_gazebo : 1

 ErrorResults 
  stamp : 2025-11-28T23:06:17Z
  target_type : sphere
  model_name : sphere
  pose : 
       - position : [4.056e-17 , 3.87604 , 0.953972]
       - orientation : [0.681955 , 0.731394 , 9.82559e-18 , 3.07342e-18]
  RingCirclePositionError : 0
  position_error : 0.14156
  orientation_error : 1.64073
  found_in_gazebo : 1

 ErrorResults 
  stamp : 2025-11-28T23:06:17Z
  target_type : sphere
  model_name : sphere
  pose : 
       - position : [4.056e-17 , 3.87604 , 0.953972]
       - orientation : [0.681955 , 0.731394 , 9.82559e-18 , 3.07342e-18]
  RingCirclePositionError : 0
  position_error : 0.14156
  orientation_error : 1.64073
  found_in_gazebo : 1

 ErrorResults 
  stamp : 2025-11-28T23:06:17Z
  target_type : sphere
  model_name : sphere
  pose : 
       - position : [4.056e-17 , 3.87604 , 0.953972]
       - orientation : [0.681955 , 0.731394 , 9.82559e-18 , 3.07342e-18]
  RingCirclePositionError : 0
  position_error : 0.14156
  orientation_error : 1.64073
  found_in_gazebo : 1

 ErrorResults 
  stamp : 2025-11-28T23:06:17Z
  target_type : sphere
  model_name : sphere
  pose : 
       - position : [4.056e-17 , 3.87604 , 0.953972]
       - orientation : [0.681955 , 0.731394 , 9.82559e-18 , 3.07342e-18]
  RingCirclePositionError : 0
  position_error : 0.14156
  orientation_error : 1.64073
  found_in_gazebo : 1

 ErrorResults 
  stamp : 2025-11-28T23:06:17Z
  target_type : sphere
  model_name : sphere
  pose : 
       - position : [4.056e-17 , 3.87604 , 0.953972]
       - orientation : [0.681955 , 0.731394 , 9.82559e-18 , 3.07342e-18]
  RingCirclePositionError : 0
  position_error : 0.14156
  orientation_error : 1.64073
  found_in_gazebo : 1

 ErrorResults 
  stamp : 2025-11-28T23:06:17Z
  target_type : sphere
  model_name : sphere
  pose : 
       - position : [4.056e-17 , 3.87604 , 0.953972]
       - orientation : [0.681955 , 0.731394 , 9.82559e-18 , 3.07342e-18]
  RingCirclePositionError : 0
  position_error : 0.14156
  orientation_error : 1.64073
  found_in_gazebo : 1

 ErrorResults 
  stamp : 2025-11-28T23:06:17Z
  target_type : sphere
  model_name : sphere
  pose : 
       - position : [4.056e-17 , 3.87604 , 0.953972]
       - orientation : [0.681955 , 0.731394 , 9.82559e-18 , 3.07342e-18]
  RingCirclePositionError : 0
  position_error : 0.14156
  orientation_error : 1.64073
  found_in_gazebo : 1

 ErrorResults 
  stamp : 2025-11-28T23:06:17Z
  target_type : sphere
  model_name : sphere
  pose : 
       - position : [4.056e-17 , 3.87604 , 0.953972]
       - orientation : [0.681955 , 0.731394 , 9.82559e-18 , 3.07342e-18]
  RingCirclePositionError : 0
  position_error : 0.14156
  orientation_error : 1.64073
  found_in_gazebo : 1

 ErrorResults 
  stamp : 2025-11-28T23:06:17Z
  target_type : sphere
  model_name : sphere
  pose : 
       - position : [4.056e-17 , 3.87604 , 0.953972]
       - orientation : [0.681955 , 0.731394 , 9.82559e-18 , 3.07342e-18]
  RingCirclePositionError : 0
  position_error : 0.14156
  orientation_error : 1.64073
  found_in_gazebo : 1

 ErrorResults 
  stamp : 2025-11-28T23:06:17Z
  target_type : sphere
  model_name : sphere
  pose : 
       - position : [4.056e-17 , 3.87604 , 0.953972]
       - orientation : [0.681955 , 0.731394 , 9.82559e-18 , 3.07342e-18]
  RingCirclePositionError : 0
  position_error : 0.14156
  orientation_error : 1.64073
  found_in_gazebo : 1

 ErrorResults 
  stamp : 2025-11-28T23:06:17Z
  target_type : sphere
  model_name : sphere
  pose : 
       - position : [4.056e-17 , 3.87604 , 0.953972]
       - orientation : [0.681955 , 0.731394 , 9.82559e-18 , 3.07342e-18]
  RingCirclePositionError : 0
  position_error : 0.14156
  orientation_error : 1.64073
  found_in_gazebo : 1

 ErrorResults 
  stamp : 2025-11-28T23:06:17Z
  target_type : sphere
  model_name : sphere
  pose : 
       - position : [4.056e-17 , 3.87604 , 0.953972]
       - orientation : [0.681955 , 0.731394 , 9.82559e-18 , 3.07342e-18]
  RingCirclePositionError : 0
  position_error : 0.14156
  orientation_error : 1.64073
  found_in_gazebo : 1

 ErrorResults 
  stamp : 2025-11-28T23:06:17Z
  target_type : sphere
  model_name : sphere
  pose : 
       - position : [4.056e-17 , 3.87604 , 0.953972]
       - orientation : [0.681955 , 0.731394 , 9.82559e-18 , 3.07342e-18]
  RingCirclePositionError : 0
  position_error : 0.14156
  orientation_error : 1.64073
  found_in_gazebo : 1

 ErrorResults 
  stamp : 2025-11-28T23:06:18Z
  target_type : sphere
  model_name : sphere
  pose : 
       - position : [4.056e-17 , 3.87604 , 0.953972]
       - orientation : [0.681955 , 0.731394 , 9.82559e-18 , 3.07342e-18]
  RingCirclePositionError : 0
  position_error : 0.14156
  orientation_error : 1.64073
  found_in_gazebo : 1

 ErrorResults 
  stamp : 2025-11-28T23:06:18Z
  target_type : sphere
  model_name : sphere
  pose : 
       - position : [4.056e-17 , 3.87604 , 0.953972]
       - orientation : [0.681955 , 0.731394 , 9.82559e-18 , 3.07342e-18]
  RingCirclePositionError : 0
  position_error : 0.14156
  orientation_error : 1.64073
  found_in_gazebo : 1

 ErrorResults 
  stamp : 2025-11-28T23:06:18Z
  target_type : sphere
  model_name : sphere
  pose : 
       - position : [4.056e-17 , 3.87604 , 0.953972]
       - orientation : [0.681955 , 0.731394 , 9.82559e-18 , 3.07342e-18]
  RingCirclePositionError : 0
  position_error : 0.14156
  orientation_error : 1.64073
  found_in_gazebo : 1

 ErrorResults 
  stamp : 2025-11-28T23:06:18Z
  target_type : sphere
  model_name : sphere
  pose : 
       - position : [4.056e-17 , 3.87604 , 0.953972]
       - orientation : [0.681955 , 0.731394 , 9.82559e-18 , 3.07342e-18]
  RingCirclePositionError : 0
  position_error : 0.14156
  orientation_error : 1.64073
  found_in_gazebo : 1

 ErrorResults 
  stamp : 2025-11-28T23:06:18Z
  target_type : sphere
  model_name : sphere
  pose : 
       - position : [4.056e-17 , 3.87604 , 0.953972]
       - orientation : [0.681955 , 0.731394 , 9.82559e-18 , 3.07342e-18]
  RingCirclePositionError : 0
  position_error : 0.14156
  orientation_error : 1.64073
  found_in_gazebo : 1

 ErrorResults 
  stamp : 2025-11-28T23:06:18Z
  target_type : sphere
  model_name : sphere
  pose : 
       - position : [4.056e-17 , 3.87604 , 0.953972]
       - orientation : [0.681955 , 0.731394 , 9.82559e-18 , 3.07342e-18]
  RingCirclePositionError : 0
  position_error : 0.14156
  orientation_error : 1.64073
  found_in_gazebo : 1

 ErrorResults 
  stamp : 2025-11-28T23:06:18Z
  target_type : sphere
  model_name : sphere
  pose : 
       - position : [4.056e-17 , 3.87604 , 0.953972]
       - orientation : [0.681955 , 0.731394 , 9.82559e-18 , 3.07342e-18]
  RingCirclePositionError : 0
  position_error : 0.14156
  orientation_error : 1.64073
  found_in_gazebo : 1

 ErrorResults 
  stamp : 2025-11-28T23:06:18Z
  target_type : sphere
  model_name : sphere
  pose : 
       - position : [4.056e-17 , 3.87604 , 0.953972]
       - orientation : [0.681955 , 0.731394 , 9.82559e-18 , 3.07342e-18]
  RingCirclePositionError : 0
  position_error : 0.14156
  orientation_error : 1.64073
  found_in_gazebo : 1

 ErrorResults 
  stamp : 2025-11-28T23:06:18Z
  target_type : sphere
  model_name : sphere
  pose : 
       - position : [4.056e-17 , 3.87604 , 0.953972]
       - orientation : [0.681955 , 0.731394 , 9.82559e-18 , 3.07342e-18]
  RingCirclePositionError : 0
  position_error : 0.14156
  orientation_error : 1.64073
  found_in_gazebo : 1

 ErrorResults 
  stamp : 2025-11-28T23:06:18Z
  target_type : sphere
  model_name : sphere
  pose : 
       - position : [4.056e-17 , 3.87604 , 0.953972]
       - orientation : [0.681955 , 0.731394 , 9.82559e-18 , 3.07342e-18]
  RingCirclePositionError : 0
  position_error : 0.14156
  orientation_error : 1.64073
  found_in_gazebo : 1

 ErrorResults 
  stamp : 2025-11-28T23:06:18Z
  target_type : sphere
  model_name : sphere
  pose : 
       - position : [4.056e-17 , 3.87604 , 0.953972]
       - orientation : [0.681955 , 0.731394 , 9.82559e-18 , 3.07342e-18]
  RingCirclePositionError : 0
  position_error : 0.14156
  orientation_error : 1.64073
  found_in_gazebo : 1

 ErrorResults 
  stamp : 2025-11-28T23:06:18Z
  target_type : sphere
  model_name : sphere
  pose : 
       - position : [4.056e-17 , 3.87604 , 0.953972]
       - orientation : [0.681955 , 0.731394 , 9.82559e-18 , 3.07342e-18]
  RingCirclePositionError : 0
  position_error : 0.14156
  orientation_error : 1.64073
  found_in_gazebo : 1

 ErrorResults 
  stamp : 2025-11-28T23:06:18Z
  target_type : sphere
  model_name : sphere
  pose : 
       - position : [4.056e-17 , 3.87604 , 0.953972]
       - orientation : [0.681955 , 0.731394 , 9.82559e-18 , 3.07342e-18]
  RingCirclePositionError : 0
  position_error : 0.14156
  orientation_error : 1.64073
  found_in_gazebo : 1

 ErrorResults 
  stamp : 2025-11-28T23:06:18Z
  target_type : sphere
  model_name : sphere
  pose : 
       - position : [4.056e-17 , 3.87604 , 0.953972]
       - orientation : [0.681955 , 0.731394 , 9.82559e-18 , 3.07342e-18]
  RingCirclePositionError : 0
  position_error : 0.14156
  orientation_error : 1.64073
  found_in_gazebo : 1

 ErrorResults 
  stamp : 2025-11-28T23:06:18Z
  target_type : sphere
  model_name : sphere
  pose : 
       - position : [4.056e-17 , 3.87604 , 0.953972]
       - orientation : [0.681955 , 0.731394 , 9.82559e-18 , 3.07342e-18]
  RingCirclePositionError : 0
  position_error : 0.14156
  orientation_error : 1.64073
  found_in_gazebo : 1

 ErrorResults 
  stamp : 2025-11-28T23:06:18Z
  target_type : sphere
  model_name : sphere
  pose : 
       - position : [4.056e-17 , 3.87604 , 0.953972]
       - orientation : [0.681955 , 0.731394 , 9.82559e-18 , 3.07342e-18]
  RingCirclePositionError : 0
  position_error : 0.14156
  orientation_error : 1.64073
  found_in_gazebo : 1

 ErrorResults 
  stamp : 2025-11-28T23:06:18Z
  target_type : sphere
  model_name : sphere
  pose : 
       - position : [4.056e-17 , 3.87604 , 0.953972]
       - orientation : [0.681955 , 0.731394 , 9.82559e-18 , 3.07342e-18]
  RingCirclePositionError : 0
  position_error : 0.14156
  orientation_error : 1.64073
  found_in_gazebo : 1

 ErrorResults 
  stamp : 2025-11-28T23:06:18Z
  target_type : sphere
  model_name : sphere
  pose : 
       - position : [4.056e-17 , 3.87604 , 0.953972]
       - orientation : [0.681955 , 0.731394 , 9.82559e-18 , 3.07342e-18]
  RingCirclePositionError : 0
  position_error : 0.14156
  orientation_error : 1.64073
  found_in_gazebo : 1

 ErrorResults 
  stamp : 2025-11-28T23:06:18Z
  target_type : sphere
  model_name : sphere
  pose : 
       - position : [4.056e-17 , 3.87604 , 0.953972]
       - orientation : [0.681955 , 0.731394 , 9.82559e-18 , 3.07342e-18]
  RingCirclePositionError : 0
  position_error : 0.14156
  orientation_error : 1.64073
  found_in_gazebo : 1

 ErrorResults 
  stamp : 2025-11-28T23:06:18Z
  target_type : sphere
  model_name : sphere
  pose : 
       - position : [4.056e-17 , 3.87604 , 0.953972]
       - orientation : [0.681955 , 0.731394 , 9.82559e-18 , 3.07342e-18]
  RingCirclePositionError : 0
  position_error : 0.14156
  orientation_error : 1.64073
  found_in_gazebo : 1

 ErrorResults 
  stamp : 2025-11-28T23:06:18Z
  target_type : sphere
  model_name : sphere
  pose : 
       - position : [4.056e-17 , 3.87604 , 0.953972]
       - orientation : [0.681955 , 0.731394 , 9.82559e-18 , 3.07342e-18]
  RingCirclePositionError : 0
  position_error : 0.14156
  orientation_error : 1.64073
  found_in_gazebo : 1

 ErrorResults 
  stamp : 2025-11-28T23:06:18Z
  target_type : sphere
  model_name : sphere
  pose : 
       - position : [4.056e-17 , 3.87604 , 0.953972]
       - orientation : [0.681955 , 0.731394 , 9.82559e-18 , 3.07342e-18]
  RingCirclePositionError : 0
  position_error : 0.14156
  orientation_error : 1.64073
  found_in_gazebo : 1

 ErrorResults 
  stamp : 2025-11-28T23:06:18Z
  target_type : sphere
  model_name : sphere
  pose : 
       - position : [4.056e-17 , 3.87604 , 0.953972]
       - orientation : [0.681955 , 0.731394 , 9.82559e-18 , 3.07342e-18]
  RingCirclePositionError : 0
  position_error : 0.14156
  orientation_error : 1.64073
  found_in_gazebo : 1

 ErrorResults 
  stamp : 2025-11-28T23:06:18Z
  target_type : sphere
  model_name : sphere
  pose : 
       - position : [4.056e-17 , 3.87604 , 0.953972]
       - orientation : [0.681955 , 0.731394 , 9.82559e-18 , 3.07342e-18]
  RingCirclePositionError : 0
  position_error : 0.14156
  orientation_error : 1.64073
  found_in_gazebo : 1

 ErrorResults 
  stamp : 2025-11-28T23:06:18Z
  target_type : sphere
  model_name : sphere
  pose : 
       - position : [4.056e-17 , 3.87604 , 0.953972]
       - orientation : [0.681955 , 0.731394 , 9.82559e-18 , 3.07342e-18]
  RingCirclePositionError : 0
  position_error : 0.14156
  orientation_error : 1.64073
  found_in_gazebo : 1

 ErrorResults 
  stamp : 2025-11-28T23:06:18Z
  target_type : sphere
  model_name : sphere
  pose : 
       - position : [4.056e-17 , 3.87604 , 0.953972]
       - orientation : [0.681955 , 0.731394 , 9.82559e-18 , 3.07342e-18]
  RingCirclePositionError : 0
  position_error : 0.14156
  orientation_error : 1.64073
  found_in_gazebo : 1

 ErrorResults 
  stamp : 2025-11-28T23:06:18Z
  target_type : sphere
  model_name : sphere
  pose : 
       - position : [4.056e-17 , 3.87604 , 0.953972]
       - orientation : [0.681955 , 0.731394 , 9.82559e-18 , 3.07342e-18]
  RingCirclePositionError : 0
  position_error : 0.14156
  orientation_error : 1.64073
  found_in_gazebo : 1

 ErrorResults 
  stamp : 2025-11-28T23:06:18Z
  target_type : sphere
  model_name : sphere
  pose : 
       - position : [4.056e-17 , 3.87604 , 0.953972]
       - orientation : [0.681955 , 0.731394 , 9.82559e-18 , 3.07342e-18]
  RingCirclePositionError : 0
  position_error : 0.14156
  orientation_error : 1.64073
  found_in_gazebo : 1

 ErrorResults 
  stamp : 2025-11-28T23:06:18Z
  target_type : sphere
  model_name : sphere
  pose : 
       - position : [4.056e-17 , 3.87604 , 0.953972]
       - orientation : [0.681955 , 0.731394 , 9.82559e-18 , 3.07342e-18]
  RingCirclePositionError : 0
  position_error : 0.14156
  orientation_error : 1.64073
  found_in_gazebo : 1

 ErrorResults 
  stamp : 2025-11-28T23:06:19Z
  target_type : sphere
  model_name : sphere
  pose : 
       - position : [4.056e-17 , 3.87604 , 0.953972]
       - orientation : [0.681955 , 0.731394 , 9.82559e-18 , 3.07342e-18]
  RingCirclePositionError : 0
  position_error : 0.14156
  orientation_error : 1.64073
  found_in_gazebo : 1

 ErrorResults 
  stamp : 2025-11-28T23:06:19Z
  target_type : sphere
  model_name : sphere
  pose : 
       - position : [4.056e-17 , 3.87604 , 0.953972]
       - orientation : [0.681955 , 0.731394 , 9.82559e-18 , 3.07342e-18]
  RingCirclePositionError : 0
  position_error : 0.14156
  orientation_error : 1.64073
  found_in_gazebo : 1

 ErrorResults 
  stamp : 2025-11-28T23:06:19Z
  target_type : sphere
  model_name : sphere
  pose : 
       - position : [4.056e-17 , 3.87604 , 0.953972]
       - orientation : [0.681955 , 0.731394 , 9.82559e-18 , 3.07342e-18]
  RingCirclePositionError : 0
  position_error : 0.14156
  orientation_error : 1.64073
  found_in_gazebo : 1

 ErrorResults 
  stamp : 2025-11-28T23:06:19Z
  target_type : sphere
  model_name : sphere
  pose : 
       - position : [4.056e-17 , 3.87604 , 0.953972]
       - orientation : [0.681955 , 0.731394 , 9.82559e-18 , 3.07342e-18]
  RingCirclePositionError : 0
  position_error : 0.14156
  orientation_error : 1.64073
  found_in_gazebo : 1

 ErrorResults 
  stamp : 2025-11-28T23:06:19Z
  target_type : sphere
  model_name : sphere
  pose : 
       - position : [4.056e-17 , 3.87604 , 0.953972]
       - orientation : [0.681955 , 0.731394 , 9.82559e-18 , 3.07342e-18]
  RingCirclePositionError : 0
  position_error : 0.14156
  orientation_error : 1.64073
  found_in_gazebo : 1

 ErrorResults 
  stamp : 2025-11-28T23:06:19Z
  target_type : sphere
  model_name : sphere
  pose : 
       - position : [4.056e-17 , 3.87604 , 0.953972]
       - orientation : [0.681955 , 0.731394 , 9.82559e-18 , 3.07342e-18]
  RingCirclePositionError : 0
  position_error : 0.14156
  orientation_error : 1.64073
  found_in_gazebo : 1

 ErrorResults 
  stamp : 2025-11-28T23:06:19Z
  target_type : sphere
  model_name : sphere
  pose : 
       - position : [4.056e-17 , 3.87604 , 0.953972]
       - orientation : [0.681955 , 0.731394 , 9.82559e-18 , 3.07342e-18]
  RingCirclePositionError : 0
  position_error : 0.14156
  orientation_error : 1.64073
  found_in_gazebo : 1

 ErrorResults 
  stamp : 2025-11-28T23:06:19Z
  target_type : sphere
  model_name : sphere
  pose : 
       - position : [4.056e-17 , 3.87604 , 0.953972]
       - orientation : [0.681955 , 0.731394 , 9.82559e-18 , 3.07342e-18]
  RingCirclePositionError : 0
  position_error : 0.14156
  orientation_error : 1.64073
  found_in_gazebo : 1

 ErrorResults 
  stamp : 2025-11-28T23:06:19Z
  target_type : sphere
  model_name : sphere
  pose : 
       - position : [4.056e-17 , 3.87604 , 0.953972]
       - orientation : [0.681955 , 0.731394 , 9.82559e-18 , 3.07342e-18]
  RingCirclePositionError : 0
  position_error : 0.14156
  orientation_error : 1.64073
  found_in_gazebo : 1

 ErrorResults 
  stamp : 2025-11-28T23:06:19Z
  target_type : sphere
  model_name : sphere
  pose : 
       - position : [4.056e-17 , 3.87604 , 0.953972]
       - orientation : [0.681955 , 0.731394 , 9.82559e-18 , 3.07342e-18]
  RingCirclePositionError : 0
  position_error : 0.14156
  orientation_error : 1.64073
  found_in_gazebo : 1

 ErrorResults 
  stamp : 2025-11-28T23:06:19Z
  target_type : sphere
  model_name : sphere
  pose : 
       - position : [4.056e-17 , 3.87604 , 0.953972]
       - orientation : [0.681955 , 0.731394 , 9.82559e-18 , 3.07342e-18]
  RingCirclePositionError : 0
  position_error : 0.14156
  orientation_error : 1.64073
  found_in_gazebo : 1

 ErrorResults 
  stamp : 2025-11-28T23:06:19Z
  target_type : sphere
  model_name : sphere
  pose : 
       - position : [4.056e-17 , 3.87604 , 0.953972]
       - orientation : [0.681955 , 0.731394 , 9.82559e-18 , 3.07342e-18]
  RingCirclePositionError : 0
  position_error : 0.14156
  orientation_error : 1.64073
  found_in_gazebo : 1

 ErrorResults 
  stamp : 2025-11-28T23:06:19Z
  target_type : sphere
  model_name : sphere
  pose : 
       - position : [4.056e-17 , 3.87604 , 0.953972]
       - orientation : [0.681955 , 0.731394 , 9.82559e-18 , 3.07342e-18]
  RingCirclePositionError : 0
  position_error : 0.14156
  orientation_error : 1.64073
  found_in_gazebo : 1

 ErrorResults 
  stamp : 2025-11-28T23:06:19Z
  target_type : sphere
  model_name : sphere
  pose : 
       - position : [4.056e-17 , 3.87604 , 0.953972]
       - orientation : [0.681955 , 0.731394 , 9.82559e-18 , 3.07342e-18]
  RingCirclePositionError : 0
  position_error : 0.14156
  orientation_error : 1.64073
  found_in_gazebo : 1

 ErrorResults 
  stamp : 2025-11-28T23:06:19Z
  target_type : sphere
  model_name : sphere
  pose : 
       - position : [4.056e-17 , 3.87604 , 0.953972]
       - orientation : [0.681955 , 0.731394 , 9.82559e-18 , 3.07342e-18]
  RingCirclePositionError : 0
  position_error : 0.14156
  orientation_error : 1.64073
  found_in_gazebo : 1

 ErrorResults 
  stamp : 2025-11-28T23:06:19Z
  target_type : sphere
  model_name : sphere
  pose : 
       - position : [4.056e-17 , 3.87604 , 0.953972]
       - orientation : [0.681955 , 0.731394 , 9.82559e-18 , 3.07342e-18]
  RingCirclePositionError : 0
  position_error : 0.14156
  orientation_error : 1.64073
  found_in_gazebo : 1

 ErrorResults 
  stamp : 2025-11-28T23:06:19Z
  target_type : sphere
  model_name : sphere
  pose : 
       - position : [4.056e-17 , 3.87604 , 0.953972]
       - orientation : [0.681955 , 0.731394 , 9.82559e-18 , 3.07342e-18]
  RingCirclePositionError : 0
  position_error : 0.14156
  orientation_error : 1.64073
  found_in_gazebo : 1

 ErrorResults 
  stamp : 2025-11-28T23:06:19Z
  target_type : sphere
  model_name : sphere
  pose : 
       - position : [4.056e-17 , 3.87604 , 0.953972]
       - orientation : [0.681955 , 0.731394 , 9.82559e-18 , 3.07342e-18]
  RingCirclePositionError : 0
  position_error : 0.14156
  orientation_error : 1.64073
  found_in_gazebo : 1

 ErrorResults 
  stamp : 2025-11-28T23:06:25Z
  target_type : sphere
  model_name : sphere
  pose : 
       - position : [4.056e-17 , 3.87604 , 0.953972]
       - orientation : [0.681955 , 0.731394 , 9.82559e-18 , 3.07342e-18]
  RingCirclePositionError : 0
  position_error : 0.14156
  orientation_error : 1.64073
  found_in_gazebo : 1

 ErrorResults 
  stamp : 2025-11-28T23:06:25Z
  target_type : sphere
  model_name : sphere
  pose : 
       - position : [4.056e-17 , 3.87604 , 0.953972]
       - orientation : [0.681955 , 0.731394 , 9.82559e-18 , 3.07342e-18]
  RingCirclePositionError : 0
  position_error : 0.14156
  orientation_error : 1.64073
  found_in_gazebo : 1

 ErrorResults 
  stamp : 2025-11-28T23:06:25Z
  target_type : sphere
  model_name : sphere
  pose : 
       - position : [4.056e-17 , 3.87604 , 0.953972]
       - orientation : [0.681955 , 0.731394 , 9.82559e-18 , 3.07342e-18]
  RingCirclePositionError : 0
  position_error : 0.14156
  orientation_error : 1.64073
  found_in_gazebo : 1

 ErrorResults 
  stamp : 2025-11-28T23:06:25Z
  target_type : sphere
  model_name : sphere
  pose : 
       - position : [4.056e-17 , 3.87604 , 0.953972]
       - orientation : [0.681955 , 0.731394 , 9.82559e-18 , 3.07342e-18]
  RingCirclePositionError : 0
  position_error : 0.14156
  orientation_error : 1.64073
  found_in_gazebo : 1

 ErrorResults 
  stamp : 2025-11-28T23:06:25Z
  target_type : sphere
  model_name : sphere
  pose : 
       - position : [4.056e-17 , 3.87604 , 0.953972]
       - orientation : [0.681955 , 0.731394 , 9.82559e-18 , 3.07342e-18]
  RingCirclePositionError : 0
  position_error : 0.14156
  orientation_error : 1.64073
  found_in_gazebo : 1

 ErrorResults 
  stamp : 2025-11-28T23:06:25Z
  target_type : sphere
  model_name : sphere
  pose : 
       - position : [4.056e-17 , 3.87604 , 0.953972]
       - orientation : [0.681955 , 0.731394 , 9.82559e-18 , 3.07342e-18]
  RingCirclePositionError : 0
  position_error : 0.14156
  orientation_error : 1.64073
  found_in_gazebo : 1

 ErrorResults 
  stamp : 2025-11-28T23:06:19Z
  target_type : sphere
  model_name : sphere
  pose : 
       - position : [4.056e-17 , 3.87604 , 0.953972]
       - orientation : [0.681955 , 0.731394 , 9.82559e-18 , 3.07342e-18]
  RingCirclePositionError : 0
  position_error : 0.14156
  orientation_error : 1.64073
  found_in_gazebo : 1

 ErrorResults 
  stamp : 2025-11-28T23:06:19Z
  target_type : sphere
  model_name : sphere
  pose : 
       - position : [4.056e-17 , 3.87604 , 0.953972]
       - orientation : [0.681955 , 0.731394 , 9.82559e-18 , 3.07342e-18]
  RingCirclePositionError : 0
  position_error : 0.14156
  orientation_error : 1.64073
  found_in_gazebo : 1

 ErrorResults 
  stamp : 2025-11-28T23:06:19Z
  target_type : sphere
  model_name : sphere
  pose : 
       - position : [4.056e-17 , 3.87604 , 0.953972]
       - orientation : [0.681955 , 0.731394 , 9.82559e-18 , 3.07342e-18]
  RingCirclePositionError : 0
  position_error : 0.14156
  orientation_error : 1.64073
  found_in_gazebo : 1

 ErrorResults 
  stamp : 2025-11-28T23:06:19Z
  target_type : sphere
  model_name : sphere
  pose : 
       - position : [4.056e-17 , 3.87604 , 0.953972]
       - orientation : [0.681955 , 0.731394 , 9.82559e-18 , 3.07342e-18]
  RingCirclePositionError : 0
  position_error : 0.14156
  orientation_error : 1.64073
  found_in_gazebo : 1

 ErrorResults 
  stamp : 2025-11-28T23:06:19Z
  target_type : sphere
  model_name : sphere
  pose : 
       - position : [4.056e-17 , 3.87604 , 0.953972]
       - orientation : [0.681955 , 0.731394 , 9.82559e-18 , 3.07342e-18]
  RingCirclePositionError : 0
  position_error : 0.14156
  orientation_error : 1.64073
  found_in_gazebo : 1

 ErrorResults 
  stamp : 2025-11-28T23:06:19Z
  target_type : sphere
  model_name : sphere
  pose : 
       - position : [4.056e-17 , 3.87604 , 0.953972]
       - orientation : [0.681955 , 0.731394 , 9.82559e-18 , 3.07342e-18]
  RingCirclePositionError : 0
  position_error : 0.14156
  orientation_error : 1.64073
  found_in_gazebo : 1

 ErrorResults 
  stamp : 2025-11-28T23:06:19Z
  target_type : sphere
  model_name : sphere
  pose : 
       - position : [4.056e-17 , 3.87604 , 0.953972]
       - orientation : [0.681955 , 0.731394 , 9.82559e-18 , 3.07342e-18]
  RingCirclePositionError : 0
  position_error : 0.14156
  orientation_error : 1.64073
  found_in_gazebo : 1

 ErrorResults 
  stamp : 2025-11-28T23:06:19Z
  target_type : sphere
  model_name : sphere
  pose : 
       - position : [4.056e-17 , 3.87604 , 0.953972]
       - orientation : [0.681955 , 0.731394 , 9.82559e-18 , 3.07342e-18]
  RingCirclePositionError : 0
  position_error : 0.14156
  orientation_error : 1.64073
  found_in_gazebo : 1

 ErrorResults 
  stamp : 2025-11-28T23:06:19Z
  target_type : sphere
  model_name : sphere
  pose : 
       - position : [4.056e-17 , 3.87604 , 0.953972]
       - orientation : [0.681955 , 0.731394 , 9.82559e-18 , 3.07342e-18]
  RingCirclePositionError : 0
  position_error : 0.14156
  orientation_error : 1.64073
  found_in_gazebo : 1

 ErrorResults 
  stamp : 2025-11-28T23:06:19Z
  target_type : sphere
  model_name : sphere
  pose : 
       - position : [4.056e-17 , 3.87604 , 0.953972]
       - orientation : [0.681955 , 0.731394 , 9.82559e-18 , 3.07342e-18]
  RingCirclePositionError : 0
  position_error : 0.14156
  orientation_error : 1.64073
  found_in_gazebo : 1

 ErrorResults 
  stamp : 2025-11-28T23:06:19Z
  target_type : sphere
  model_name : sphere
  pose : 
       - position : [4.056e-17 , 3.87604 , 0.953972]
       - orientation : [0.681955 , 0.731394 , 9.82559e-18 , 3.07342e-18]
  RingCirclePositionError : 0
  position_error : 0.14156
  orientation_error : 1.64073
  found_in_gazebo : 1

 ErrorResults 
  stamp : 2025-11-28T23:06:19Z
  target_type : sphere
  model_name : sphere
  pose : 
       - position : [4.056e-17 , 3.87604 , 0.953972]
       - orientation : [0.681955 , 0.731394 , 9.82559e-18 , 3.07342e-18]
  RingCirclePositionError : 0
  position_error : 0.14156
  orientation_error : 1.64073
  found_in_gazebo : 1

 ErrorResults 
  stamp : 2025-11-28T23:06:19Z
  target_type : sphere
  model_name : sphere
  pose : 
       - position : [4.056e-17 , 3.87604 , 0.953972]
       - orientation : [0.681955 , 0.731394 , 9.82559e-18 , 3.07342e-18]
  RingCirclePositionError : 0
  position_error : 0.14156
  orientation_error : 1.64073
  found_in_gazebo : 1

 ErrorResults 
  stamp : 2025-11-28T23:06:20Z
  target_type : sphere
  model_name : sphere
  pose : 
       - position : [4.056e-17 , 3.87604 , 0.953972]
       - orientation : [0.681955 , 0.731394 , 9.82559e-18 , 3.07342e-18]
  RingCirclePositionError : 0
  position_error : 0.14156
  orientation_error : 1.64073
  found_in_gazebo : 1

 ErrorResults 
  stamp : 2025-11-28T23:06:20Z
  target_type : sphere
  model_name : sphere
  pose : 
       - position : [4.056e-17 , 3.87604 , 0.953972]
       - orientation : [0.681955 , 0.731394 , 9.82559e-18 , 3.07342e-18]
  RingCirclePositionError : 0
  position_error : 0.14156
  orientation_error : 1.64073
  found_in_gazebo : 1

 ErrorResults 
  stamp : 2025-11-28T23:06:20Z
  target_type : sphere
  model_name : sphere
  pose : 
       - position : [4.056e-17 , 3.87604 , 0.953972]
       - orientation : [0.681955 , 0.731394 , 9.82559e-18 , 3.07342e-18]
  RingCirclePositionError : 0
  position_error : 0.14156
  orientation_error : 1.64073
  found_in_gazebo : 1

 ErrorResults 
  stamp : 2025-11-28T23:06:20Z
  target_type : sphere
  model_name : sphere
  pose : 
       - position : [4.056e-17 , 3.87604 , 0.953972]
       - orientation : [0.681955 , 0.731394 , 9.82559e-18 , 3.07342e-18]
  RingCirclePositionError : 0
  position_error : 0.14156
  orientation_error : 1.64073
  found_in_gazebo : 1

 ErrorResults 
  stamp : 2025-11-28T23:06:20Z
  target_type : sphere
  model_name : sphere
  pose : 
       - position : [4.056e-17 , 3.87604 , 0.953972]
       - orientation : [0.681955 , 0.731394 , 9.82559e-18 , 3.07342e-18]
  RingCirclePositionError : 0
  position_error : 0.14156
  orientation_error : 1.64073
  found_in_gazebo : 1

 ErrorResults 
  stamp : 2025-11-28T23:06:20Z
  target_type : sphere
  model_name : sphere
  pose : 
       - position : [4.056e-17 , 3.87604 , 0.953972]
       - orientation : [0.681955 , 0.731394 , 9.82559e-18 , 3.07342e-18]
  RingCirclePositionError : 0
  position_error : 0.14156
  orientation_error : 1.64073
  found_in_gazebo : 1

 ErrorResults 
  stamp : 2025-11-28T23:06:20Z
  target_type : sphere
  model_name : sphere
  pose : 
       - position : [4.056e-17 , 3.87604 , 0.953972]
       - orientation : [0.681955 , 0.731394 , 9.82559e-18 , 3.07342e-18]
  RingCirclePositionError : 0
  position_error : 0.14156
  orientation_error : 1.64073
  found_in_gazebo : 1

 ErrorResults 
  stamp : 2025-11-28T23:06:20Z
  target_type : sphere
  model_name : sphere
  pose : 
       - position : [4.056e-17 , 3.87604 , 0.953972]
       - orientation : [0.681955 , 0.731394 , 9.82559e-18 , 3.07342e-18]
  RingCirclePositionError : 0
  position_error : 0.14155
  orientation_error : 1.64073
  found_in_gazebo : 1

 ErrorResults 
  stamp : 2025-11-28T23:06:20Z
  target_type : sphere
  model_name : sphere
  pose : 
       - position : [4.056e-17 , 3.87604 , 0.953972]
       - orientation : [0.681955 , 0.731394 , 9.82559e-18 , 3.07342e-18]
  RingCirclePositionError : 0
  position_error : 0.141489
  orientation_error : 1.64073
  found_in_gazebo : 1

 ErrorResults 
  stamp : 2025-11-28T23:06:20Z
  target_type : sphere
  model_name : sphere
  pose : 
       - position : [4.056e-17 , 3.87604 , 0.953972]
       - orientation : [0.681955 , 0.731394 , 9.82559e-18 , 3.07342e-18]
  RingCirclePositionError : 0
  position_error : 0.141432
  orientation_error : 1.64073
  found_in_gazebo : 1

 ErrorResults 
  stamp : 2025-11-28T23:06:20Z
  target_type : sphere
  model_name : sphere
  pose : 
       - position : [4.056e-17 , 3.87604 , 0.953972]
       - orientation : [0.681955 , 0.731394 , 9.82559e-18 , 3.07342e-18]
  RingCirclePositionError : 0
  position_error : 0.141376
  orientation_error : 1.64073
  found_in_gazebo : 1

 ErrorResults 
  stamp : 2025-11-28T23:06:20Z
  target_type : sphere
  model_name : sphere
  pose : 
       - position : [4.056e-17 , 3.87604 , 0.953972]
       - orientation : [0.681955 , 0.731394 , 9.82559e-18 , 3.07342e-18]
  RingCirclePositionError : 0
  position_error : 0.141319
  orientation_error : 1.64073
  found_in_gazebo : 1

 ErrorResults 
  stamp : 2025-11-28T23:06:20Z
  target_type : sphere
  model_name : sphere
  pose : 
       - position : [4.056e-17 , 3.87604 , 0.953972]
       - orientation : [0.681955 , 0.731394 , 9.82559e-18 , 3.07342e-18]
  RingCirclePositionError : 0
  position_error : 0.141277
  orientation_error : 1.64073
  found_in_gazebo : 1

 ErrorResults 
  stamp : 2025-11-28T23:06:20Z
  target_type : sphere
  model_name : sphere
  pose : 
       - position : [4.056e-17 , 3.87604 , 0.953972]
       - orientation : [0.681955 , 0.731394 , 9.82559e-18 , 3.07342e-18]
  RingCirclePositionError : 0
  position_error : 0.141216
  orientation_error : 1.64073
  found_in_gazebo : 1

 ErrorResults 
  stamp : 2025-11-28T23:06:20Z
  target_type : sphere
  model_name : sphere
  pose : 
       - position : [4.056e-17 , 3.87604 , 0.953972]
       - orientation : [0.681955 , 0.731394 , 9.82559e-18 , 3.07342e-18]
  RingCirclePositionError : 0
  position_error : 0.141155
  orientation_error : 1.64073
  found_in_gazebo : 1

 ErrorResults 
  stamp : 2025-11-28T23:06:20Z
  target_type : sphere
  model_name : sphere
  pose : 
       - position : [4.056e-17 , 3.87604 , 0.953972]
       - orientation : [0.681955 , 0.731394 , 9.82559e-18 , 3.07342e-18]
  RingCirclePositionError : 0
  position_error : 0.141094
  orientation_error : 1.64073
  found_in_gazebo : 1

 ErrorResults 
  stamp : 2025-11-28T23:06:20Z
  target_type : sphere
  model_name : sphere
  pose : 
       - position : [4.056e-17 , 3.87604 , 0.953972]
       - orientation : [0.681955 , 0.731394 , 9.82559e-18 , 3.07342e-18]
  RingCirclePositionError : 0
  position_error : 0.141019
  orientation_error : 1.64073
  found_in_gazebo : 1

 ErrorResults 
  stamp : 2025-11-28T23:06:20Z
  target_type : sphere
  model_name : sphere
  pose : 
       - position : [4.64526e-17 , 3.86741 , 0.947374]
       - orientation : [0.676518 , 0.736426 , -2.96435e-16 , 2.69742e-16]
  RingCirclePositionError : 0
  position_error : 0.151652
  orientation_error : 1.65554
  found_in_gazebo : 1

 ErrorResults 
  stamp : 2025-11-28T23:06:20Z
  target_type : sphere
  model_name : sphere
  pose : 
       - position : [4.64526e-17 , 3.86741 , 0.947374]
       - orientation : [0.676518 , 0.736426 , -2.96435e-16 , 2.69742e-16]
  RingCirclePositionError : 0
  position_error : 0.151519
  orientation_error : 1.65554
  found_in_gazebo : 1

 ErrorResults 
  stamp : 2025-11-28T23:06:20Z
  target_type : sphere
  model_name : sphere
  pose : 
       - position : [4.64526e-17 , 3.86741 , 0.947374]
       - orientation : [0.676518 , 0.736426 , -2.96435e-16 , 2.69742e-16]
  RingCirclePositionError : 0
  position_error : 0.151391
  orientation_error : 1.65554
  found_in_gazebo : 1

 ErrorResults 
  stamp : 2025-11-28T23:06:20Z
  target_type : sphere
  model_name : sphere
  pose : 
       - position : [4.64526e-17 , 3.86741 , 0.947374]
       - orientation : [0.676518 , 0.736426 , -2.96435e-16 , 2.69742e-16]
  RingCirclePositionError : 0
  position_error : 0.151282
  orientation_error : 1.65554
  found_in_gazebo : 1

 ErrorResults 
  stamp : 2025-11-28T23:06:21Z
  target_type : sphere
  model_name : sphere
  pose : 
       - position : [4.64526e-17 , 3.86741 , 0.947374]
       - orientation : [0.676518 , 0.736426 , -2.96435e-16 , 2.69742e-16]
  RingCirclePositionError : 0
  position_error : 0.151117
  orientation_error : 1.65554
  found_in_gazebo : 1

 ErrorResults 
  stamp : 2025-11-28T23:06:21Z
  target_type : sphere
  model_name : sphere
  pose : 
       - position : [4.64526e-17 , 3.86741 , 0.947374]
       - orientation : [0.676518 , 0.736426 , -2.96435e-16 , 2.69742e-16]
  RingCirclePositionError : 0
  position_error : 0.150949
  orientation_error : 1.65554
  found_in_gazebo : 1

 ErrorResults 
  stamp : 2025-11-28T23:06:21Z
  target_type : sphere
  model_name : sphere
  pose : 
       - position : [4.64526e-17 , 3.86741 , 0.947374]
       - orientation : [0.676518 , 0.736426 , -2.96435e-16 , 2.69742e-16]
  RingCirclePositionError : 0
  position_error : 0.15079
  orientation_error : 1.65554
  found_in_gazebo : 1

 ErrorResults 
  stamp : 2025-11-28T23:06:21Z
  target_type : sphere
  model_name : sphere
  pose : 
       - position : [4.64526e-17 , 3.86741 , 0.947374]
       - orientation : [0.676518 , 0.736426 , -2.96435e-16 , 2.69742e-16]
  RingCirclePositionError : 0
  position_error : 0.15065
  orientation_error : 1.65554
  found_in_gazebo : 1

 ErrorResults 
  stamp : 2025-11-28T23:06:21Z
  target_type : sphere
  model_name : sphere
  pose : 
       - position : [4.64526e-17 , 3.86741 , 0.947374]
       - orientation : [0.676518 , 0.736426 , -2.96435e-16 , 2.69742e-16]
  RingCirclePositionError : 0
  position_error : 0.150492
  orientation_error : 1.65554
  found_in_gazebo : 1

 ErrorResults 
  stamp : 2025-11-28T23:06:21Z
  target_type : sphere
  model_name : sphere
  pose : 
       - position : [4.64526e-17 , 3.86741 , 0.947374]
       - orientation : [0.676518 , 0.736426 , -2.96435e-16 , 2.69742e-16]
  RingCirclePositionError : 0
  position_error : 0.150311
  orientation_error : 1.65554
  found_in_gazebo : 1

 ErrorResults 
  stamp : 2025-11-28T23:06:21Z
  target_type : sphere
  model_name : sphere
  pose : 
       - position : [-4.6674e-17 , 3.87579 , 0.946916]
       - orientation : [0.681968 , 0.731382 , -3.00552e-16 , 3.70654e-16]
  RingCirclePositionError : 0
  position_error : 0.143049
  orientation_error : 1.64069
  found_in_gazebo : 1

 ErrorResults 
  stamp : 2025-11-28T23:06:21Z
  target_type : sphere
  model_name : sphere
  pose : 
       - position : [-4.6674e-17 , 3.87579 , 0.946916]
       - orientation : [0.681968 , 0.731382 , -3.00552e-16 , 3.70654e-16]
  RingCirclePositionError : 0
  position_error : 0.142879
  orientation_error : 1.64069
  found_in_gazebo : 1

 ErrorResults 
  stamp : 2025-11-28T23:06:21Z
  target_type : sphere
  model_name : sphere
  pose : 
       - position : [-4.6674e-17 , 3.87579 , 0.946916]
       - orientation : [0.681968 , 0.731382 , -3.00552e-16 , 3.70654e-16]
  RingCirclePositionError : 0
  position_error : 0.142648
  orientation_error : 1.64069
  found_in_gazebo : 1

 ErrorResults 
  stamp : 2025-11-28T23:06:21Z
  target_type : sphere
  model_name : sphere
  pose : 
       - position : [-4.6674e-17 , 3.87579 , 0.946916]
       - orientation : [0.681968 , 0.731382 , -3.00552e-16 , 3.70654e-16]
  RingCirclePositionError : 0
  position_error : 0.142498
  orientation_error : 1.64069
  found_in_gazebo : 1

 ErrorResults 
  stamp : 2025-11-28T23:06:21Z
  target_type : sphere
  model_name : sphere
  pose : 
       - position : [-4.6674e-17 , 3.87579 , 0.946916]
       - orientation : [0.681968 , 0.731382 , -3.00552e-16 , 3.70654e-16]
  RingCirclePositionError : 0
  position_error : 0.142302
  orientation_error : 1.64069
  found_in_gazebo : 1

 ErrorResults 
  stamp : 2025-11-28T23:06:21Z
  target_type : sphere
  model_name : sphere
  pose : 
       - position : [-4.6674e-17 , 3.87579 , 0.946916]
       - orientation : [0.681968 , 0.731382 , -3.00552e-16 , 3.70654e-16]
  RingCirclePositionError : 0
  position_error : 0.14214
  orientation_error : 1.64069
  found_in_gazebo : 1

 ErrorResults 
  stamp : 2025-11-28T23:06:21Z
  target_type : sphere
  model_name : sphere
  pose : 
       - position : [-4.6674e-17 , 3.87579 , 0.946916]
       - orientation : [0.681968 , 0.731382 , -3.00552e-16 , 3.70654e-16]
  RingCirclePositionError : 0
  position_error : 0.141978
  orientation_error : 1.64069
  found_in_gazebo : 1

 ErrorResults 
  stamp : 2025-11-28T23:06:21Z
  target_type : sphere
  model_name : sphere
  pose : 
       - position : [-4.6674e-17 , 3.87579 , 0.946916]
       - orientation : [0.681968 , 0.731382 , -3.00552e-16 , 3.70654e-16]
  RingCirclePositionError : 0
  position_error : 0.141774
  orientation_error : 1.64069
  found_in_gazebo : 1

 ErrorResults 
  stamp : 2025-11-28T23:06:21Z
  target_type : sphere
  model_name : sphere
  pose : 
       - position : [-4.6674e-17 , 3.87579 , 0.946916]
       - orientation : [0.681968 , 0.731382 , -3.00552e-16 , 3.70654e-16]
  RingCirclePositionError : 0
  position_error : 0.141553
  orientation_error : 1.64069
  found_in_gazebo : 1

 ErrorResults 
  stamp : 2025-11-28T23:06:21Z
  target_type : sphere
  model_name : sphere
  pose : 
       - position : [-4.6674e-17 , 3.87579 , 0.946916]
       - orientation : [0.681968 , 0.731382 , -3.00552e-16 , 3.70654e-16]
  RingCirclePositionError : 0
  position_error : 0.141375
  orientation_error : 1.64069
  found_in_gazebo : 1

 ErrorResults 
  stamp : 2025-11-28T23:06:21Z
  target_type : sphere
  model_name : sphere
  pose : 
       - position : [-4.6674e-17 , 3.87579 , 0.946916]
       - orientation : [0.681968 , 0.731382 , -3.00552e-16 , 3.70654e-16]
  RingCirclePositionError : 0
  position_error : 0.141197
  orientation_error : 1.64069
  found_in_gazebo : 1

 ErrorResults 
  stamp : 2025-11-28T23:06:21Z
  target_type : sphere
  model_name : sphere
  pose : 
       - position : [-4.6674e-17 , 3.87579 , 0.946916]
       - orientation : [0.681968 , 0.731382 , -3.00552e-16 , 3.70654e-16]
  RingCirclePositionError : 0
  position_error : 0.141021
  orientation_error : 1.64069
  found_in_gazebo : 1

 ErrorResults 
  stamp : 2025-11-28T23:06:21Z
  target_type : sphere
  model_name : sphere
  pose : 
       - position : [-6.77325e-17 , 3.86708 , 0.940321]
       - orientation : [0.676563 , 0.736385 , 1.03043e-17 , -9.10442e-17]
  RingCirclePositionError : 0
  position_error : 0.151614
  orientation_error : 1.65542
  found_in_gazebo : 1

 ErrorResults 
  stamp : 2025-11-28T23:06:21Z
  target_type : sphere
  model_name : sphere
  pose : 
       - position : [-6.77325e-17 , 3.86708 , 0.940321]
       - orientation : [0.676563 , 0.736385 , 1.03043e-17 , -9.10442e-17]
  RingCirclePositionError : 0
  position_error : 0.151449
  orientation_error : 1.65542
  found_in_gazebo : 1

 ErrorResults 
  stamp : 2025-11-28T23:06:21Z
  target_type : sphere
  model_name : sphere
  pose : 
       - position : [-6.77325e-17 , 3.86708 , 0.940321]
       - orientation : [0.676563 , 0.736385 , 1.03043e-17 , -9.10442e-17]
  RingCirclePositionError : 0
  position_error : 0.151257
  orientation_error : 1.65542
  found_in_gazebo : 1

 ErrorResults 
  stamp : 2025-11-28T23:06:21Z
  target_type : sphere
  model_name : sphere
  pose : 
       - position : [-6.77325e-17 , 3.86708 , 0.940321]
       - orientation : [0.676563 , 0.736385 , 1.03043e-17 , -9.10442e-17]
  RingCirclePositionError : 0
  position_error : 0.151052
  orientation_error : 1.65542
  found_in_gazebo : 1

 ErrorResults 
  stamp : 2025-11-28T23:06:21Z
  target_type : sphere
  model_name : sphere
  pose : 
       - position : [-6.77325e-17 , 3.86708 , 0.940321]
       - orientation : [0.676563 , 0.736385 , 1.03043e-17 , -9.10442e-17]
  RingCirclePositionError : 0
  position_error : 0.150857
  orientation_error : 1.65542
  found_in_gazebo : 1

 ErrorResults 
  stamp : 2025-11-28T23:06:21Z
  target_type : sphere
  model_name : sphere
  pose : 
       - position : [-6.77325e-17 , 3.86708 , 0.940321]
       - orientation : [0.676563 , 0.736385 , 1.03043e-17 , -9.10442e-17]
  RingCirclePositionError : 0
  position_error : 0.150699
  orientation_error : 1.65542
  found_in_gazebo : 1

 ErrorResults 
  stamp : 2025-11-28T23:06:22Z
  target_type : sphere
  model_name : sphere
  pose : 
       - position : [-6.77325e-17 , 3.86708 , 0.940321]
       - orientation : [0.676563 , 0.736385 , 1.03043e-17 , -9.10442e-17]
  RingCirclePositionError : 0
  position_error : 0.150511
  orientation_error : 1.65542
  found_in_gazebo : 1

 ErrorResults 
  stamp : 2025-11-28T23:06:22Z
  target_type : sphere
  model_name : sphere
  pose : 
       - position : [-1.99839e-17 , 3.87553 , 0.939861]
       - orientation : [0.681984 , 0.731367 , -2.49026e-16 , 1.4295e-16]
  RingCirclePositionError : 0
  position_error : 0.143122
  orientation_error : 1.64065
  found_in_gazebo : 1

 ErrorResults 
  stamp : 2025-11-28T23:06:22Z
  target_type : sphere
  model_name : sphere
  pose : 
       - position : [-1.99839e-17 , 3.87553 , 0.939861]
       - orientation : [0.681984 , 0.731367 , -2.49026e-16 , 1.4295e-16]
  RingCirclePositionError : 0
  position_error : 0.142973
  orientation_error : 1.64065
  found_in_gazebo : 1

 ErrorResults 
  stamp : 2025-11-28T23:06:22Z
  target_type : sphere
  model_name : sphere
  pose : 
       - position : [-1.99839e-17 , 3.87553 , 0.939861]
       - orientation : [0.681984 , 0.731367 , -2.49026e-16 , 1.4295e-16]
  RingCirclePositionError : 0
  position_error : 0.142775
  orientation_error : 1.64065
  found_in_gazebo : 1

 ErrorResults 
  stamp : 2025-11-28T23:06:22Z
  target_type : sphere
  model_name : sphere
  pose : 
       - position : [-1.99839e-17 , 3.87553 , 0.939861]
       - orientation : [0.681984 , 0.731367 , -2.49026e-16 , 1.4295e-16]
  RingCirclePositionError : 0
  position_error : 0.142589
  orientation_error : 1.64065
  found_in_gazebo : 1

 ErrorResults 
  stamp : 2025-11-28T23:06:22Z
  target_type : sphere
  model_name : sphere
  pose : 
       - position : [-1.99839e-17 , 3.87553 , 0.939861]
       - orientation : [0.681984 , 0.731367 , -2.49026e-16 , 1.4295e-16]
  RingCirclePositionError : 0
  position_error : 0.142388
  orientation_error : 1.64065
  found_in_gazebo : 1

 ErrorResults 
  stamp : 2025-11-28T23:06:22Z
  target_type : sphere
  model_name : sphere
  pose : 
       - position : [-1.99839e-17 , 3.87553 , 0.939861]
       - orientation : [0.681984 , 0.731367 , -2.49026e-16 , 1.4295e-16]
  RingCirclePositionError : 0
  position_error : 0.142208
  orientation_error : 1.64065
  found_in_gazebo : 1

 ErrorResults 
  stamp : 2025-11-28T23:06:22Z
  target_type : sphere
  model_name : sphere
  pose : 
       - position : [-1.99839e-17 , 3.87553 , 0.939861]
       - orientation : [0.681984 , 0.731367 , -2.49026e-16 , 1.4295e-16]
  RingCirclePositionError : 0
  position_error : 0.142033
  orientation_error : 1.64065
  found_in_gazebo : 1

 ErrorResults 
  stamp : 2025-11-28T23:06:22Z
  target_type : sphere
  model_name : sphere
  pose : 
       - position : [-1.99839e-17 , 3.87553 , 0.939861]
       - orientation : [0.681984 , 0.731367 , -2.49026e-16 , 1.4295e-16]
  RingCirclePositionError : 0
  position_error : 0.141816
  orientation_error : 1.64065
  found_in_gazebo : 1

 ErrorResults 
  stamp : 2025-11-28T23:06:22Z
  target_type : sphere
  model_name : sphere
  pose : 
       - position : [-1.99839e-17 , 3.87553 , 0.939861]
       - orientation : [0.681984 , 0.731367 , -2.49026e-16 , 1.4295e-16]
  RingCirclePositionError : 0
  position_error : 0.14161
  orientation_error : 1.64065
  found_in_gazebo : 1

 ErrorResults 
  stamp : 2025-11-28T23:06:22Z
  target_type : sphere
  model_name : sphere
  pose : 
       - position : [-1.99839e-17 , 3.87553 , 0.939861]
       - orientation : [0.681984 , 0.731367 , -2.49026e-16 , 1.4295e-16]
  RingCirclePositionError : 0
  position_error : 0.141437
  orientation_error : 1.64065
  found_in_gazebo : 1

 ErrorResults 
  stamp : 2025-11-28T23:06:22Z
  target_type : sphere
  model_name : sphere
  pose : 
       - position : [-1.99839e-17 , 3.87553 , 0.939861]
       - orientation : [0.681984 , 0.731367 , -2.49026e-16 , 1.4295e-16]
  RingCirclePositionError : 0
  position_error : 0.141266
  orientation_error : 1.64065
  found_in_gazebo : 1

 ErrorResults 
  stamp : 2025-11-28T23:06:22Z
  target_type : sphere
  model_name : sphere
  pose : 
       - position : [8.79225e-17 , 3.86675 , 0.933269]
       - orientation : [0.67661 , 0.736341 , -5.82357e-16 , 4.67924e-16]
  RingCirclePositionError : 0
  position_error : 0.151961
  orientation_error : 1.65529
  found_in_gazebo : 1

 ErrorResults 
  stamp : 2025-11-28T23:06:22Z
  target_type : sphere
  model_name : sphere
  pose : 
       - position : [8.79225e-17 , 3.86675 , 0.933269]
       - orientation : [0.67661 , 0.736341 , -5.82357e-16 , 4.67924e-16]
  RingCirclePositionError : 0
  position_error : 0.15182
  orientation_error : 1.65529
  found_in_gazebo : 1

 ErrorResults 
  stamp : 2025-11-28T23:06:22Z
  target_type : sphere
  model_name : sphere
  pose : 
       - position : [8.79225e-17 , 3.86675 , 0.933269]
       - orientation : [0.67661 , 0.736341 , -5.82357e-16 , 4.67924e-16]
  RingCirclePositionError : 0
  position_error : 0.1516
  orientation_error : 1.65529
  found_in_gazebo : 1

 ErrorResults 
  stamp : 2025-11-28T23:06:22Z
  target_type : sphere
  model_name : sphere
  pose : 
       - position : [8.79225e-17 , 3.86675 , 0.933269]
       - orientation : [0.67661 , 0.736341 , -5.82357e-16 , 4.67924e-16]
  RingCirclePositionError : 0
  position_error : 0.151441
  orientation_error : 1.65529
  found_in_gazebo : 1

 ErrorResults 
  stamp : 2025-11-28T23:06:22Z
  target_type : sphere
  model_name : sphere
  pose : 
       - position : [8.79225e-17 , 3.86675 , 0.933269]
       - orientation : [0.67661 , 0.736341 , -5.82357e-16 , 4.67924e-16]
  RingCirclePositionError : 0
  position_error : 0.151287
  orientation_error : 1.65529
  found_in_gazebo : 1

 ErrorResults 
  stamp : 2025-11-28T23:06:22Z
  target_type : sphere
  model_name : sphere
  pose : 
       - position : [8.79225e-17 , 3.86675 , 0.933269]
       - orientation : [0.67661 , 0.736341 , -5.82357e-16 , 4.67924e-16]
  RingCirclePositionError : 0
  position_error : 0.151088
  orientation_error : 1.65529
  found_in_gazebo : 1

 ErrorResults 
  stamp : 2025-11-28T23:06:22Z
  target_type : sphere
  model_name : sphere
  pose : 
       - position : [8.79225e-17 , 3.86675 , 0.933269]
       - orientation : [0.67661 , 0.736341 , -5.82357e-16 , 4.67924e-16]
  RingCirclePositionError : 0
  position_error : 0.150927
  orientation_error : 1.65529
  found_in_gazebo : 1

 ErrorResults 
  stamp : 2025-11-28T23:06:22Z
  target_type : sphere
  model_name : sphere
  pose : 
       - position : [8.79225e-17 , 3.86675 , 0.933269]
       - orientation : [0.67661 , 0.736341 , -5.82357e-16 , 4.67924e-16]
  RingCirclePositionError : 0
  position_error : 0.150757
  orientation_error : 1.65529
  found_in_gazebo : 1

 ErrorResults 
  stamp : 2025-11-28T23:06:22Z
  target_type : sphere
  model_name : sphere
  pose : 
       - position : [2.51894e-17 , 3.87527 , 0.932806]
       - orientation : [0.682002 , 0.73135 , 1.0673e-16 , -7.43579e-17]
  RingCirclePositionError : 0
  position_error : 0.143309
  orientation_error : 1.6406
  found_in_gazebo : 1

 ErrorResults 
  stamp : 2025-11-28T23:06:22Z
  target_type : sphere
  model_name : sphere
  pose : 
       - position : [2.51894e-17 , 3.87527 , 0.932806]
       - orientation : [0.682002 , 0.73135 , 1.0673e-16 , -7.43579e-17]
  RingCirclePositionError : 0
  position_error : 0.143111
  orientation_error : 1.6406
  found_in_gazebo : 1

 ErrorResults 
  stamp : 2025-11-28T23:06:22Z
  target_type : sphere
  model_name : sphere
  pose : 
       - position : [2.51894e-17 , 3.87527 , 0.932806]
       - orientation : [0.682002 , 0.73135 , 1.0673e-16 , -7.43579e-17]
  RingCirclePositionError : 0
  position_error : 0.142943
  orientation_error : 1.6406
  found_in_gazebo : 1

 ErrorResults 
  stamp : 2025-11-28T23:06:23Z
  target_type : sphere
  model_name : sphere
  pose : 
       - position : [2.51894e-17 , 3.87527 , 0.932806]
       - orientation : [0.682002 , 0.73135 , 1.0673e-16 , -7.43579e-17]
  RingCirclePositionError : 0
  position_error : 0.142733
  orientation_error : 1.6406
  found_in_gazebo : 1

 ErrorResults 
  stamp : 2025-11-28T23:06:23Z
  target_type : sphere
  model_name : sphere
  pose : 
       - position : [2.51894e-17 , 3.87527 , 0.932806]
       - orientation : [0.682002 , 0.73135 , 1.0673e-16 , -7.43579e-17]
  RingCirclePositionError : 0
  position_error : 0.142572
  orientation_error : 1.6406
  found_in_gazebo : 1

 ErrorResults 
  stamp : 2025-11-28T23:06:23Z
  target_type : sphere
  model_name : sphere
  pose : 
       - position : [2.51894e-17 , 3.87527 , 0.932806]
       - orientation : [0.682002 , 0.73135 , 1.0673e-16 , -7.43579e-17]
  RingCirclePositionError : 0
  position_error : 0.142368
  orientation_error : 1.6406
  found_in_gazebo : 1

 ErrorResults 
  stamp : 2025-11-28T23:06:23Z
  target_type : sphere
  model_name : sphere
  pose : 
       - position : [2.51894e-17 , 3.87527 , 0.932806]
       - orientation : [0.682002 , 0.73135 , 1.0673e-16 , -7.43579e-17]
  RingCirclePositionError : 0
  position_error : 0.142165
  orientation_error : 1.6406
  found_in_gazebo : 1

 ErrorResults 
  stamp : 2025-11-28T23:06:23Z
  target_type : sphere
  model_name : sphere
  pose : 
       - position : [2.51894e-17 , 3.87527 , 0.932806]
       - orientation : [0.682002 , 0.73135 , 1.0673e-16 , -7.43579e-17]
  RingCirclePositionError : 0
  position_error : 0.14201
  orientation_error : 1.6406
  found_in_gazebo : 1

 ErrorResults 
  stamp : 2025-11-28T23:06:23Z
  target_type : sphere
  model_name : sphere
  pose : 
       - position : [2.51894e-17 , 3.87527 , 0.932806]
       - orientation : [0.682002 , 0.73135 , 1.0673e-16 , -7.43579e-17]
  RingCirclePositionError : 0
  position_error : 0.141828
  orientation_error : 1.6406
  found_in_gazebo : 1

 ErrorResults 
  stamp : 2025-11-28T23:06:23Z
  target_type : sphere
  model_name : sphere
  pose : 
       - position : [2.51894e-17 , 3.87527 , 0.932806]
       - orientation : [0.682002 , 0.73135 , 1.0673e-16 , -7.43579e-17]
  RingCirclePositionError : 0
  position_error : 0.141679
  orientation_error : 1.6406
  found_in_gazebo : 1

 ErrorResults 
  stamp : 2025-11-28T23:06:23Z
  target_type : sphere
  model_name : sphere
  pose : 
       - position : [2.51894e-17 , 3.87527 , 0.932806]
       - orientation : [0.682002 , 0.73135 , 1.0673e-16 , -7.43579e-17]
  RingCirclePositionError : 0
  position_error : 0.141498
  orientation_error : 1.6406
  found_in_gazebo : 1

 ErrorResults 
  stamp : 2025-11-28T23:06:23Z
  target_type : sphere
  model_name : sphere
  pose : 
       - position : [2.51894e-17 , 3.87527 , 0.932806]
       - orientation : [0.682002 , 0.73135 , 1.0673e-16 , -7.43579e-17]
  RingCirclePositionError : 0
  position_error : 0.141313
  orientation_error : 1.6406
  found_in_gazebo : 1

 ErrorResults 
  stamp : 2025-11-28T23:06:23Z
  target_type : sphere
  model_name : sphere
  pose : 
       - position : [-4.83151e-17 , 3.86641 , 0.926218]
       - orientation : [0.676661 , 0.736294 , -1.31689e-17 , 1.1175e-16]
  RingCirclePositionError : 0
  position_error : 0.152088
  orientation_error : 1.65516
  found_in_gazebo : 1

 ErrorResults 
  stamp : 2025-11-28T23:06:23Z
  target_type : sphere
  model_name : sphere
  pose : 
       - position : [-4.83151e-17 , 3.86641 , 0.926218]
       - orientation : [0.676661 , 0.736294 , -1.31689e-17 , 1.1175e-16]
  RingCirclePositionError : 0
  position_error : 0.151901
  orientation_error : 1.65516
  found_in_gazebo : 1

 ErrorResults 
  stamp : 2025-11-28T23:06:23Z
  target_type : sphere
  model_name : sphere
  pose : 
       - position : [-4.83151e-17 , 3.86641 , 0.926218]
       - orientation : [0.676661 , 0.736294 , -1.31689e-17 , 1.1175e-16]
  RingCirclePositionError : 0
  position_error : 0.151724
  orientation_error : 1.65516
  found_in_gazebo : 1

 ErrorResults 
  stamp : 2025-11-28T23:06:23Z
  target_type : sphere
  model_name : sphere
  pose : 
       - position : [-4.83151e-17 , 3.86641 , 0.926218]
       - orientation : [0.676661 , 0.736294 , -1.31689e-17 , 1.1175e-16]
  RingCirclePositionError : 0
  position_error : 0.151543
  orientation_error : 1.65516
  found_in_gazebo : 1

 ErrorResults 
  stamp : 2025-11-28T23:06:23Z
  target_type : sphere
  model_name : sphere
  pose : 
       - position : [-4.83151e-17 , 3.86641 , 0.926218]
       - orientation : [0.676661 , 0.736294 , -1.31689e-17 , 1.1175e-16]
  RingCirclePositionError : 0
  position_error : 0.151345
  orientation_error : 1.65516
  found_in_gazebo : 1

 ErrorResults 
  stamp : 2025-11-28T23:06:23Z
  target_type : sphere
  model_name : sphere
  pose : 
       - position : [6.91392e-17 , 3.87501 , 0.925753]
       - orientation : [0.682023 , 0.731331 , -2.17614e-16 , 8.68173e-17]
  RingCirclePositionError : 0
  position_error : 0.143869
  orientation_error : 1.64054
  found_in_gazebo : 1

 ErrorResults 
  stamp : 2025-11-28T23:06:23Z
  target_type : sphere
  model_name : sphere
  pose : 
       - position : [6.91392e-17 , 3.87501 , 0.925753]
       - orientation : [0.682023 , 0.731331 , -2.17614e-16 , 8.68173e-17]
  RingCirclePositionError : 0
  position_error : 0.143684
  orientation_error : 1.64054
  found_in_gazebo : 1

 ErrorResults 
  stamp : 2025-11-28T23:06:23Z
  target_type : sphere
  model_name : sphere
  pose : 
       - position : [6.91392e-17 , 3.87501 , 0.925753]
       - orientation : [0.682023 , 0.731331 , -2.17614e-16 , 8.68173e-17]
  RingCirclePositionError : 0
  position_error : 0.143472
  orientation_error : 1.64054
  found_in_gazebo : 1

 ErrorResults 
  stamp : 2025-11-28T23:06:23Z
  target_type : sphere
  model_name : sphere
  pose : 
       - position : [6.91392e-17 , 3.87501 , 0.925753]
       - orientation : [0.682023 , 0.731331 , -2.17614e-16 , 8.68173e-17]
  RingCirclePositionError : 0
  position_error : 0.14328
  orientation_error : 1.64054
  found_in_gazebo : 1

 ErrorResults 
  stamp : 2025-11-28T23:06:23Z
  target_type : sphere
  model_name : sphere
  pose : 
       - position : [6.91392e-17 , 3.87501 , 0.925753]
       - orientation : [0.682023 , 0.731331 , -2.17614e-16 , 8.68173e-17]
  RingCirclePositionError : 0
  position_error : 0.143099
  orientation_error : 1.64054
  found_in_gazebo : 1

 ErrorResults 
  stamp : 2025-11-28T23:06:23Z
  target_type : sphere
  model_name : sphere
  pose : 
       - position : [6.91392e-17 , 3.87501 , 0.925753]
       - orientation : [0.682023 , 0.731331 , -2.17614e-16 , 8.68173e-17]
  RingCirclePositionError : 0
  position_error : 0.142884
  orientation_error : 1.64054
  found_in_gazebo : 1

 ErrorResults 
  stamp : 2025-11-28T23:06:23Z
  target_type : sphere
  model_name : sphere
  pose : 
       - position : [6.91392e-17 , 3.87501 , 0.925753]
       - orientation : [0.682023 , 0.731331 , -2.17614e-16 , 8.68173e-17]
  RingCirclePositionError : 0
  position_error : 0.142709
  orientation_error : 1.64054
  found_in_gazebo : 1

 ErrorResults 
  stamp : 2025-11-28T23:06:23Z
  target_type : sphere
  model_name : sphere
  pose : 
       - position : [6.91392e-17 , 3.87501 , 0.925753]
       - orientation : [0.682023 , 0.731331 , -2.17614e-16 , 8.68173e-17]
  RingCirclePositionError : 0
  position_error : 0.14253
  orientation_error : 1.64054
  found_in_gazebo : 1

 ErrorResults 
  stamp : 2025-11-28T23:06:23Z
  target_type : sphere
  model_name : sphere
  pose : 
       - position : [6.91392e-17 , 3.87501 , 0.925753]
       - orientation : [0.682023 , 0.731331 , -2.17614e-16 , 8.68173e-17]
  RingCirclePositionError : 0
  position_error : 0.142318
  orientation_error : 1.64054
  found_in_gazebo : 1

 ErrorResults 
  stamp : 2025-11-28T23:06:23Z
  target_type : sphere
  model_name : sphere
  pose : 
       - position : [6.91392e-17 , 3.87501 , 0.925753]
       - orientation : [0.682023 , 0.731331 , -2.17614e-16 , 8.68173e-17]
  RingCirclePositionError : 0
  position_error : 0.142145
  orientation_error : 1.64054
  found_in_gazebo : 1

 ErrorResults 
  stamp : 2025-11-28T23:06:23Z
  target_type : sphere
  model_name : sphere
  pose : 
       - position : [6.91392e-17 , 3.87501 , 0.925753]
       - orientation : [0.682023 , 0.731331 , -2.17614e-16 , 8.68173e-17]
  RingCirclePositionError : 0
  position_error : 0.141977
  orientation_error : 1.64054
  found_in_gazebo : 1

 ErrorResults 
  stamp : 2025-11-28T23:06:24Z
  target_type : sphere
  model_name : sphere
  pose : 
       - position : [6.91392e-17 , 3.87501 , 0.925753]
       - orientation : [0.682023 , 0.731331 , -2.17614e-16 , 8.68173e-17]
  RingCirclePositionError : 0
  position_error : 0.141824
  orientation_error : 1.64054
  found_in_gazebo : 1

 ErrorResults 
  stamp : 2025-11-28T23:06:24Z
  target_type : sphere
  model_name : sphere
  pose : 
       - position : [6.91392e-17 , 3.87501 , 0.925753]
       - orientation : [0.682023 , 0.731331 , -2.17614e-16 , 8.68173e-17]
  RingCirclePositionError : 0
  position_error : 0.141617
  orientation_error : 1.64054
  found_in_gazebo : 1

 ErrorResults 
  stamp : 2025-11-28T23:06:24Z
  target_type : sphere
  model_name : sphere
  pose : 
       - position : [6.91392e-17 , 3.87501 , 0.925753]
       - orientation : [0.682023 , 0.731331 , -2.17614e-16 , 8.68173e-17]
  RingCirclePositionError : 0
  position_error : 0.141446
  orientation_error : 1.64054
  found_in_gazebo : 1

 ErrorResults 
  stamp : 2025-11-28T23:06:24Z
  target_type : sphere
  model_name : sphere
  pose : 
       - position : [-1.34957e-16 , 3.86608 , 0.919169]
       - orientation : [0.676715 , 0.736245 , 7.33961e-16 , -6.3056e-16]
  RingCirclePositionError : 0
  position_error : 0.152231
  orientation_error : 1.65501
  found_in_gazebo : 1

 ErrorResults 
  stamp : 2025-11-28T23:06:24Z
  target_type : sphere
  model_name : sphere
  pose : 
       - position : [-1.34957e-16 , 3.86608 , 0.919169]
       - orientation : [0.676715 , 0.736245 , 7.33961e-16 , -6.3056e-16]
  RingCirclePositionError : 0
  position_error : 0.15204
  orientation_error : 1.65501
  found_in_gazebo : 1

 ErrorResults 
  stamp : 2025-11-28T23:06:24Z
  target_type : sphere
  model_name : sphere
  pose : 
       - position : [-1.34957e-16 , 3.86608 , 0.919169]
       - orientation : [0.676715 , 0.736245 , 7.33961e-16 , -6.3056e-16]
  RingCirclePositionError : 0
  position_error : 0.151864
  orientation_error : 1.65501
  found_in_gazebo : 1

 ErrorResults 
  stamp : 2025-11-28T23:06:24Z
  target_type : sphere
  model_name : sphere
  pose : 
       - position : [-2.55374e-17 , 3.87475 , 0.9187]
       - orientation : [0.682046 , 0.73131 , -1.508e-16 , 1.91546e-16]
  RingCirclePositionError : 0
  position_error : 0.14427
  orientation_error : 1.64048
  found_in_gazebo : 1

 ErrorResults 
  stamp : 2025-11-28T23:06:24Z
  target_type : sphere
  model_name : sphere
  pose : 
       - position : [-2.55374e-17 , 3.87475 , 0.9187]
       - orientation : [0.682046 , 0.73131 , -1.508e-16 , 1.91546e-16]
  RingCirclePositionError : 0
  position_error : 0.143907
  orientation_error : 1.64048
  found_in_gazebo : 1

 ErrorResults 
  stamp : 2025-11-28T23:06:24Z
  target_type : sphere
  model_name : sphere
  pose : 
       - position : [-2.55374e-17 , 3.87475 , 0.9187]
       - orientation : [0.682046 , 0.73131 , -1.508e-16 , 1.91546e-16]
  RingCirclePositionError : 0
  position_error : 0.143733
  orientation_error : 1.64048
  found_in_gazebo : 1

 ErrorResults 
  stamp : 2025-11-28T23:06:24Z
  target_type : sphere
  model_name : sphere
  pose : 
       - position : [-2.55374e-17 , 3.87475 , 0.9187]
       - orientation : [0.682046 , 0.73131 , -1.508e-16 , 1.91546e-16]
  RingCirclePositionError : 0
  position_error : 0.143561
  orientation_error : 1.64048
  found_in_gazebo : 1

 ErrorResults 
  stamp : 2025-11-28T23:06:24Z
  target_type : sphere
  model_name : sphere
  pose : 
       - position : [-2.55374e-17 , 3.87475 , 0.9187]
       - orientation : [0.682046 , 0.73131 , -1.508e-16 , 1.91546e-16]
  RingCirclePositionError : 0
  position_error : 0.14336
  orientation_error : 1.64048
  found_in_gazebo : 1

 ErrorResults 
  stamp : 2025-11-28T23:06:24Z
  target_type : sphere
  model_name : sphere
  pose : 
       - position : [-2.55374e-17 , 3.87475 , 0.9187]
       - orientation : [0.682046 , 0.73131 , -1.508e-16 , 1.91546e-16]
  RingCirclePositionError : 0
  position_error : 0.143194
  orientation_error : 1.64048
  found_in_gazebo : 1

 ErrorResults 
  stamp : 2025-11-28T23:06:24Z
  target_type : sphere
  model_name : sphere
  pose : 
       - position : [-2.55374e-17 , 3.87475 , 0.9187]
       - orientation : [0.682046 , 0.73131 , -1.508e-16 , 1.91546e-16]
  RingCirclePositionError : 0
  position_error : 0.143023
  orientation_error : 1.64048
  found_in_gazebo : 1

 ErrorResults 
  stamp : 2025-11-28T23:06:24Z
  target_type : sphere
  model_name : sphere
  pose : 
       - position : [-2.55374e-17 , 3.87475 , 0.9187]
       - orientation : [0.682046 , 0.73131 , -1.508e-16 , 1.91546e-16]
  RingCirclePositionError : 0
  position_error : 0.142787
  orientation_error : 1.64048
  found_in_gazebo : 1

 ErrorResults 
  stamp : 2025-11-28T23:06:24Z
  target_type : sphere
  model_name : sphere
  pose : 
       - position : [-2.55374e-17 , 3.87475 , 0.9187]
       - orientation : [0.682046 , 0.73131 , -1.508e-16 , 1.91546e-16]
  RingCirclePositionError : 0
  position_error : 0.142599
  orientation_error : 1.64048
  found_in_gazebo : 1

 ErrorResults 
  stamp : 2025-11-28T23:06:30Z
  target_type : sphere
  model_name : sphere
  pose : 
       - position : [-2.55374e-17 , 3.87475 , 0.9187]
       - orientation : [0.682046 , 0.73131 , -1.508e-16 , 1.91546e-16]
  RingCirclePositionError : 0
  position_error : 0.142403
  orientation_error : 1.64048
  found_in_gazebo : 1

 ErrorResults 
  stamp : 2025-11-28T23:06:30Z
  target_type : sphere
  model_name : sphere
  pose : 
       - position : [-2.55374e-17 , 3.87475 , 0.9187]
       - orientation : [0.682046 , 0.73131 , -1.508e-16 , 1.91546e-16]
  RingCirclePositionError : 0
  position_error : 0.142152
  orientation_error : 1.64048
  found_in_gazebo : 1

 ErrorResults 
  stamp : 2025-11-28T23:06:30Z
  target_type : sphere
  model_name : sphere
  pose : 
       - position : [-2.55374e-17 , 3.87475 , 0.9187]
       - orientation : [0.682046 , 0.73131 , -1.508e-16 , 1.91546e-16]
  RingCirclePositionError : 0
  position_error : 0.141714
  orientation_error : 1.64048
  found_in_gazebo : 1

 ErrorResults 
  stamp : 2025-11-28T23:06:30Z
  target_type : sphere
  model_name : sphere
  pose : 
       - position : [-7.34683e-17 , 3.86574 , 0.912121]
       - orientation : [0.676772 , 0.736192 , 7.57701e-17 , -8.05788e-17]
  RingCirclePositionError : 0
  position_error : 0.152238
  orientation_error : 1.65485
  found_in_gazebo : 1

 ErrorResults 
  stamp : 2025-11-28T23:06:30Z
  target_type : sphere
  model_name : sphere
  pose : 
       - position : [-7.34683e-17 , 3.86574 , 0.912121]
       - orientation : [0.676772 , 0.736192 , 7.57701e-17 , -8.05788e-17]
  RingCirclePositionError : 0
  position_error : 0.1516
  orientation_error : 1.65485
  found_in_gazebo : 1

 ErrorResults 
  stamp : 2025-11-28T23:06:30Z
  target_type : sphere
  model_name : sphere
  pose : 
       - position : [6.33875e-17 , 3.87448 , 0.911648]
       - orientation : [0.682071 , 0.731286 , 1.61752e-16 , -1.17941e-16]
  RingCirclePositionError : 0
  position_error : 0.143675
  orientation_error : 1.64041
  found_in_gazebo : 1

 ErrorResults 
  stamp : 2025-11-28T23:06:30Z
  target_type : sphere
  model_name : sphere
  pose : 
       - position : [6.33875e-17 , 3.87448 , 0.911648]
       - orientation : [0.682071 , 0.731286 , 1.61752e-16 , -1.17941e-16]
  RingCirclePositionError : 0
  position_error : 0.143423
  orientation_error : 1.64041
  found_in_gazebo : 1

 ErrorResults 
  stamp : 2025-11-28T23:06:24Z
  target_type : sphere
  model_name : sphere
  pose : 
       - position : [6.33875e-17 , 3.87448 , 0.911648]
       - orientation : [0.682071 , 0.731286 , 1.61752e-16 , -1.17941e-16]
  RingCirclePositionError : 0
  position_error : 0.14321
  orientation_error : 1.64041
  found_in_gazebo : 1

 ErrorResults 
  stamp : 2025-11-28T23:06:24Z
  target_type : sphere
  model_name : sphere
  pose : 
       - position : [6.33875e-17 , 3.87448 , 0.911648]
       - orientation : [0.682071 , 0.731286 , 1.61752e-16 , -1.17941e-16]
  RingCirclePositionError : 0
  position_error : 0.143093
  orientation_error : 1.64041
  found_in_gazebo : 1

